<?xml version="1.0" encoding="UTF-8"?>
<coverage generated="1540498901315" clover="3.2.0">
  <project timestamp="1540498901316" name="All files">
    <metrics statements="79" coveredstatements="34" conditionals="24" coveredconditionals="5" methods="6" coveredmethods="1" elements="109" coveredelements="40" complexity="0" loc="79" ncloc="79" packages="5" files="6" classes="6">
      <package name="jest">
        <metrics statements="7" coveredstatements="5" conditionals="0" coveredconditionals="0" methods="2" coveredmethods="0"/>
        <file name="globals.js" path="/opt/github/pm4/jest/globals.js">
          <metrics statements="7" coveredstatements="5" conditionals="0" coveredconditionals="0" methods="2" coveredmethods="0"/>
          <line num="1" count="3" type="stmt"/>
          <line num="2" count="0" type="stmt"/>
          <line num="5" count="3" type="stmt"/>
          <line num="6" count="0" type="stmt"/>
          <line num="9" count="3" type="stmt"/>
          <line num="10" count="3" type="stmt"/>
          <line num="11" count="3" type="stmt"/>
        </file>
      </package>
      <package name="resources.js.components">
        <metrics statements="21" coveredstatements="20" conditionals="6" coveredconditionals="5" methods="0" coveredmethods="0"/>
        <file name="Confirm.vue" path="/opt/github/pm4/resources/js/components/Confirm.vue">
          <metrics statements="18" coveredstatements="17" conditionals="4" coveredconditionals="3" methods="0" coveredmethods="0"/>
          <line num="32" count="7" type="stmt"/>
          <line num="40" count="0" type="stmt"/>
          <line num="45" count="7" type="stmt"/>
          <line num="46" count="7" type="stmt"/>
          <line num="47" count="7" type="stmt"/>
          <line num="48" count="7" type="cond" truecount="1" falsecount="1"/>
          <line num="49" count="7" type="stmt"/>
          <line num="50" count="7" type="stmt"/>
          <line num="51" count="7" type="stmt"/>
          <line num="55" count="4" type="stmt"/>
          <line num="58" count="2" type="stmt"/>
          <line num="59" count="2" type="cond" truecount="2" falsecount="0"/>
          <line num="60" count="1" type="stmt"/>
          <line num="62" count="2" type="stmt"/>
          <line num="65" count="1" type="stmt"/>
          <line num="66" count="1" type="stmt"/>
          <line num="70" count="7" type="stmt"/>
          <line num="71" count="7" type="stmt"/>
        </file>
        <file name="FilterBar.vue" path="/opt/github/pm4/resources/js/components/FilterBar.vue">
          <metrics statements="3" coveredstatements="3" conditionals="2" coveredconditionals="2" methods="0" coveredmethods="0"/>
          <line num="14" count="3" type="stmt"/>
          <line num="20" count="2" type="cond" truecount="2" falsecount="0"/>
          <line num="21" count="1" type="stmt"/>
        </file>
      </package>
      <package name="resources.js.components.common">
        <metrics statements="6" coveredstatements="2" conditionals="2" coveredconditionals="0" methods="0" coveredmethods="0"/>
        <file name="Pagination.vue" path="/opt/github/pm4/resources/js/components/common/Pagination.vue">
          <metrics statements="6" coveredstatements="2" conditionals="2" coveredconditionals="0" methods="0" coveredmethods="0"/>
          <line num="54" count="1" type="stmt"/>
          <line num="67" count="1" type="stmt"/>
          <line num="73" count="0" type="cond" truecount="0" falsecount="2"/>
          <line num="74" count="0" type="stmt"/>
          <line num="76" count="0" type="stmt"/>
          <line num="81" count="0" type="stmt"/>
        </file>
      </package>
      <package name="resources.js.components.common.mixins">
        <metrics statements="29" coveredstatements="3" conditionals="14" coveredconditionals="0" methods="2" coveredmethods="1"/>
        <file name="datatable.js" path="/opt/github/pm4/resources/js/components/common/mixins/datatable.js">
          <metrics statements="29" coveredstatements="3" conditionals="14" coveredconditionals="0" methods="2" coveredmethods="1"/>
          <line num="17" count="1" type="stmt"/>
          <line num="21" count="0" type="cond" truecount="0" falsecount="2"/>
          <line num="22" count="0" type="stmt"/>
          <line num="29" count="0" type="cond" truecount="0" falsecount="2"/>
          <line num="30" count="0" type="cond" truecount="0" falsecount="2"/>
          <line num="31" count="0" type="stmt"/>
          <line num="33" count="0" type="stmt"/>
          <line num="38" count="0" type="stmt"/>
          <line num="39" count="0" type="stmt"/>
          <line num="40" count="0" type="stmt"/>
          <line num="44" count="0" type="stmt"/>
          <line num="45" count="0" type="stmt"/>
          <line num="50" count="0" type="stmt"/>
          <line num="51" count="0" type="stmt"/>
          <line num="52" count="0" type="stmt"/>
          <line num="53" count="0" type="stmt"/>
          <line num="57" count="0" type="stmt"/>
          <line num="61" count="0" type="cond" truecount="0" falsecount="2"/>
          <line num="62" count="0" type="stmt"/>
          <line num="63" count="0" type="cond" truecount="0" falsecount="2"/>
          <line num="64" count="0" type="stmt"/>
          <line num="66" count="0" type="stmt"/>
          <line num="68" count="0" type="cond" truecount="0" falsecount="2"/>
          <line num="69" count="0" type="stmt"/>
          <line num="71" count="0" type="cond" truecount="0" falsecount="2"/>
          <line num="72" count="0" type="stmt"/>
          <line num="74" count="0" type="stmt"/>
          <line num="79" count="1" type="stmt"/>
          <line num="105" count="3" type="stmt"/>
        </file>
      </package>
      <package name="resources.js.processes.categories.components">
        <metrics statements="16" coveredstatements="4" conditionals="2" coveredconditionals="0" methods="2" coveredmethods="0"/>
        <file name="CategoriesListing.vue" path="/opt/github/pm4/resources/js/processes/categories/components/CategoriesListing.vue">
          <metrics statements="16" coveredstatements="4" conditionals="2" coveredconditionals="0" methods="2" coveredmethods="0"/>
          <line num="23" count="1" type="stmt"/>
          <line num="29" count="1" type="stmt"/>
          <line num="64" count="1" type="stmt"/>
          <line num="67" count="1" type="stmt"/>
          <line num="81" count="0" type="stmt"/>
          <line num="82" count="0" type="stmt"/>
          <line num="87" count="0" type="stmt"/>
          <line num="88" count="0" type="stmt"/>
          <line num="93" count="0" type="stmt"/>
          <line num="95" count="0" type="stmt"/>
          <line num="96" count="0" type="stmt"/>
          <line num="98" count="0" type="stmt"/>
          <line num="101" count="0" type="stmt"/>
          <line num="104" count="0" type="stmt"/>
          <line num="108" count="0" type="stmt"/>
          <line num="109" count="0" type="stmt"/>
        </file>
      </package>
    </metrics>
  </project>
</coverage>
