<?xml version="1.0" encoding="UTF-8"?>
<coverage generated="1527865372107" clover="3.2.0">
  <project timestamp="1527865372108" name="All files">
    <metrics statements="242" coveredstatements="221" conditionals="43" coveredconditionals="29" methods="75" coveredmethods="61" elements="360" coveredelements="311" complexity="0" loc="242" ncloc="242" packages="10" files="20" classes="20">
      <package name="jest">
        <metrics statements="6" coveredstatements="4" conditionals="0" coveredconditionals="0" methods="2" coveredmethods="0"/>
        <file name="globals.js" path="/opt/processmaker/jest/globals.js">
          <metrics statements="6" coveredstatements="4" conditionals="0" coveredconditionals="0" methods="2" coveredmethods="0"/>
          <line num="1" count="10" type="stmt"/>
          <line num="2" count="0" type="stmt"/>
          <line num="5" count="10" type="stmt"/>
          <line num="6" count="0" type="stmt"/>
          <line num="9" count="10" type="stmt"/>
          <line num="10" count="10" type="stmt"/>
        </file>
      </package>
      <package name="resources.assets.js.components">
        <metrics statements="4" coveredstatements="4" conditionals="2" coveredconditionals="2" methods="0" coveredmethods="0"/>
        <file name="FilterBar.vue" path="/opt/processmaker/resources/assets/js/components/FilterBar.vue">
          <metrics statements="4" coveredstatements="4" conditionals="2" coveredconditionals="2" methods="0" coveredmethods="0"/>
          <line num="15" count="3" type="stmt"/>
          <line num="21" count="2" type="cond" truecount="2" falsecount="0"/>
          <line num="22" count="1" type="stmt"/>
          <line num="23" count="1" type="stmt"/>
        </file>
      </package>
      <package name="resources.assets.js.designer.actions">
        <metrics statements="11" coveredstatements="11" conditionals="0" coveredconditionals="0" methods="10" coveredmethods="10"/>
        <file name="designer.js" path="/opt/processmaker/resources/assets/js/designer/actions/designer.js">
          <metrics statements="11" coveredstatements="11" conditionals="0" coveredconditionals="0" methods="10" coveredmethods="10"/>
          <line num="2" count="9" type="stmt"/>
          <line num="6" count="1" type="stmt"/>
          <line num="7" count="11" type="stmt"/>
          <line num="10" count="12" type="stmt"/>
          <line num="11" count="12" type="stmt"/>
          <line num="15" count="1" type="stmt"/>
          <line num="16" count="1" type="stmt"/>
          <line num="17" count="1" type="stmt"/>
          <line num="20" count="4" type="stmt"/>
          <line num="21" count="2" type="stmt"/>
          <line num="24" count="10" type="stmt"/>
        </file>
        <file name="index.js" path="/opt/processmaker/resources/assets/js/designer/actions/index.js">
          <metrics statements="0" coveredstatements="0" conditionals="0" coveredconditionals="0" methods="0" coveredmethods="0"/>
        </file>
      </package>
      <package name="resources.assets.js.designer.base">
        <metrics statements="20" coveredstatements="20" conditionals="6" coveredconditionals="6" methods="7" coveredmethods="6"/>
        <file name="actionsCreator.js" path="/opt/processmaker/resources/assets/js/designer/base/actionsCreator.js">
          <metrics statements="20" coveredstatements="20" conditionals="6" coveredconditionals="6" methods="7" coveredmethods="6"/>
          <line num="8" count="9" type="stmt"/>
          <line num="9" count="9" type="stmt"/>
          <line num="10" count="9" type="stmt"/>
          <line num="12" count="9" type="stmt"/>
          <line num="24" count="153" type="cond" truecount="2" falsecount="0"/>
          <line num="25" count="90" type="stmt"/>
          <line num="27" count="63" type="stmt"/>
          <line num="28" count="144" type="stmt"/>
          <line num="41" count="90" type="stmt"/>
          <line num="42" count="90" type="stmt"/>
          <line num="44" count="90" type="stmt"/>
          <line num="45" count="306" type="stmt"/>
          <line num="46" count="306" type="cond" truecount="2" falsecount="0"/>
          <line num="47" count="153" type="stmt"/>
          <line num="49" count="306" type="stmt"/>
          <line num="50" count="306" type="cond" truecount="2" falsecount="0"/>
          <line num="51" count="90" type="stmt"/>
          <line num="55" count="90" type="stmt"/>
          <line num="57" count="306" type="stmt"/>
          <line num="59" count="90" type="stmt"/>
        </file>
      </package>
      <package name="resources.assets.js.designer.components">
        <metrics statements="68" coveredstatements="63" conditionals="19" coveredconditionals="13" methods="7" coveredmethods="2"/>
        <file name="crown.vue" path="/opt/processmaker/resources/assets/js/designer/components/crown.vue">
          <metrics statements="11" coveredstatements="8" conditionals="0" coveredconditionals="0" methods="2" coveredmethods="0"/>
          <line num="33" count="8" type="stmt"/>
          <line num="34" count="8" type="stmt"/>
          <line num="37" count="2" type="stmt"/>
          <line num="44" count="2" type="stmt"/>
          <line num="45" count="2" type="stmt"/>
          <line num="52" count="0" type="stmt"/>
          <line num="53" count="0" type="stmt"/>
          <line num="59" count="1" type="stmt"/>
          <line num="60" count="1" type="stmt"/>
          <line num="61" count="1" type="stmt"/>
          <line num="67" count="0" type="stmt"/>
        </file>
        <file name="svgcanvas.vue" path="/opt/processmaker/resources/assets/js/designer/components/svgcanvas.vue">
          <metrics statements="57" coveredstatements="55" conditionals="19" coveredconditionals="13" methods="5" coveredmethods="2"/>
          <line num="11" count="1" type="stmt"/>
          <line num="12" count="1" type="stmt"/>
          <line num="13" count="1" type="stmt"/>
          <line num="14" count="1" type="stmt"/>
          <line num="15" count="1" type="stmt"/>
          <line num="18" count="10" type="stmt"/>
          <line num="42" count="10" type="stmt"/>
          <line num="46" count="10" type="stmt"/>
          <line num="50" count="10" type="stmt"/>
          <line num="51" count="10" type="stmt"/>
          <line num="52" count="10" type="stmt"/>
          <line num="53" count="10" type="stmt"/>
          <line num="57" count="1" type="stmt"/>
          <line num="58" count="2" type="cond" truecount="1" falsecount="1"/>
          <line num="59" count="1" type="stmt"/>
          <line num="60" count="0" type="stmt"/>
          <line num="68" count="1" type="stmt"/>
          <line num="69" count="1" type="stmt"/>
          <line num="73" count="1" type="stmt"/>
          <line num="79" count="1" type="stmt"/>
          <line num="86" count="2" type="cond" truecount="1" falsecount="1"/>
          <line num="87" count="2" type="stmt"/>
          <line num="88" count="2" type="stmt"/>
          <line num="89" count="2" type="stmt"/>
          <line num="90" count="2" type="stmt"/>
          <line num="91" count="2" type="cond" truecount="2" falsecount="0"/>
          <line num="92" count="1" type="stmt"/>
          <line num="93" count="1" type="stmt"/>
          <line num="94" count="1" type="stmt"/>
          <line num="96" count="1" type="stmt"/>
          <line num="97" count="1" type="stmt"/>
          <line num="98" count="1" type="cond" truecount="1" falsecount="1"/>
          <line num="99" count="1" type="stmt"/>
          <line num="102" count="2" type="cond" truecount="2" falsecount="0"/>
          <line num="103" count="1" type="stmt"/>
          <line num="104" count="1" type="stmt"/>
          <line num="105" count="1" type="stmt"/>
          <line num="107" count="1" type="stmt"/>
          <line num="108" count="1" type="stmt"/>
          <line num="109" count="1" type="cond" truecount="1" falsecount="1"/>
          <line num="110" count="1" type="stmt"/>
          <line num="119" count="1" type="stmt"/>
          <line num="120" count="1" type="cond" truecount="1" falsecount="1"/>
          <line num="121" count="1" type="stmt"/>
          <line num="122" count="1" type="stmt"/>
          <line num="123" count="1" type="stmt"/>
          <line num="124" count="1" type="cond" truecount="2" falsecount="0"/>
          <line num="125" count="1" type="cond" truecount="2" falsecount="0"/>
          <line num="133" count="1" type="stmt"/>
          <line num="140" count="11" type="stmt"/>
          <line num="141" count="1" type="stmt"/>
          <line num="150" count="11" type="stmt"/>
          <line num="151" count="1" type="stmt"/>
          <line num="159" count="0" type="stmt"/>
          <line num="163" count="10" type="stmt"/>
          <line num="164" count="10" type="stmt"/>
          <line num="165" count="10" type="stmt"/>
        </file>
      </package>
      <package name="resources.assets.js.designer.diagram">
        <metrics statements="56" coveredstatements="50" conditionals="12" coveredconditionals="6" methods="22" coveredmethods="18"/>
        <file name="builder.js" path="/opt/processmaker/resources/assets/js/designer/diagram/builder.js">
          <metrics statements="24" coveredstatements="20" conditionals="8" coveredconditionals="4" methods="10" coveredmethods="7"/>
          <line num="9" count="12" type="stmt"/>
          <line num="10" count="12" type="stmt"/>
          <line num="20" count="1" type="stmt"/>
          <line num="26" count="1" type="stmt"/>
          <line num="28" count="1" type="cond" truecount="1" falsecount="1"/>
          <line num="29" count="1" type="stmt"/>
          <line num="33" count="1" type="stmt"/>
          <line num="34" count="1" type="stmt"/>
          <line num="44" count="3" type="stmt"/>
          <line num="45" count="3" type="stmt"/>
          <line num="46" count="2" type="stmt"/>
          <line num="47" count="2" type="stmt"/>
          <line num="48" count="2" type="stmt"/>
          <line num="49" count="2" type="stmt"/>
          <line num="50" count="2" type="stmt"/>
          <line num="51" count="2" type="stmt"/>
          <line num="52" count="2" type="stmt"/>
          <line num="60" count="3" type="stmt"/>
          <line num="61" count="1" type="stmt"/>
          <line num="69" count="3" type="stmt"/>
          <line num="70" count="0" type="stmt"/>
          <line num="80" count="0" type="stmt"/>
          <line num="81" count="0" type="stmt"/>
          <line num="82" count="0" type="stmt"/>
        </file>
        <file name="elements.js" path="/opt/processmaker/resources/assets/js/designer/diagram/elements.js">
          <metrics statements="1" coveredstatements="1" conditionals="0" coveredconditionals="0" methods="0" coveredmethods="0"/>
          <line num="8" count="7" type="stmt"/>
        </file>
        <file name="shape.js" path="/opt/processmaker/resources/assets/js/designer/diagram/shape.js">
          <metrics statements="31" coveredstatements="29" conditionals="4" coveredconditionals="2" methods="12" coveredmethods="11"/>
          <line num="13" count="18" type="stmt"/>
          <line num="14" count="18" type="stmt"/>
          <line num="15" count="18" type="stmt"/>
          <line num="16" count="18" type="stmt"/>
          <line num="17" count="18" type="stmt"/>
          <line num="24" count="4" type="stmt"/>
          <line num="25" count="4" type="stmt"/>
          <line num="38" count="2" type="cond" truecount="1" falsecount="1"/>
          <line num="39" count="2" type="stmt"/>
          <line num="40" count="2" type="stmt"/>
          <line num="49" count="1" type="stmt"/>
          <line num="50" count="1" type="stmt"/>
          <line num="51" count="1" type="stmt"/>
          <line num="52" count="1" type="stmt"/>
          <line num="60" count="1" type="stmt"/>
          <line num="69" count="9" type="stmt"/>
          <line num="70" count="1" type="stmt"/>
          <line num="71" count="1" type="stmt"/>
          <line num="72" count="1" type="stmt"/>
          <line num="82" count="9" type="stmt"/>
          <line num="83" count="1" type="stmt"/>
          <line num="84" count="1" type="stmt"/>
          <line num="85" count="1" type="stmt"/>
          <line num="93" count="9" type="stmt"/>
          <line num="94" count="1" type="stmt"/>
          <line num="98" count="1" type="stmt"/>
          <line num="99" count="1" type="stmt"/>
          <line num="100" count="1" type="stmt"/>
          <line num="101" count="1" type="stmt"/>
          <line num="109" count="0" type="stmt"/>
          <line num="110" count="0" type="stmt"/>
        </file>
      </package>
      <package name="resources.assets.js.designer.diagram.events">
        <metrics statements="33" coveredstatements="33" conditionals="2" coveredconditionals="1" methods="11" coveredmethods="11"/>
        <file name="endEvent.js" path="/opt/processmaker/resources/assets/js/designer/diagram/events/endEvent.js">
          <metrics statements="9" coveredstatements="9" conditionals="0" coveredconditionals="0" methods="3" coveredmethods="3"/>
          <line num="8" count="9" type="stmt"/>
          <line num="9" count="9" type="stmt"/>
          <line num="17" count="9" type="stmt"/>
          <line num="26" count="3" type="stmt"/>
          <line num="27" count="3" type="stmt"/>
          <line num="28" count="3" type="stmt"/>
          <line num="44" count="3" type="stmt"/>
          <line num="52" count="3" type="stmt"/>
          <line num="59" count="3" type="stmt"/>
        </file>
        <file name="eventShape.js" path="/opt/processmaker/resources/assets/js/designer/diagram/events/eventShape.js">
          <metrics statements="15" coveredstatements="15" conditionals="2" coveredconditionals="1" methods="5" coveredmethods="5"/>
          <line num="10" count="10" type="stmt"/>
          <line num="19" count="4" type="stmt"/>
          <line num="30" count="11" type="stmt"/>
          <line num="31" count="11" type="stmt"/>
          <line num="38" count="4" type="stmt"/>
          <line num="43" count="4" type="stmt"/>
          <line num="45" count="4" type="stmt"/>
          <line num="49" count="4" type="stmt"/>
          <line num="51" count="4" type="stmt"/>
          <line num="52" count="4" type="stmt"/>
          <line num="55" count="4" type="stmt"/>
          <line num="56" count="4" type="stmt"/>
          <line num="63" count="2" type="stmt"/>
          <line num="64" count="2" type="stmt"/>
          <line num="68" count="2" type="stmt"/>
        </file>
        <file name="startEvent.js" path="/opt/processmaker/resources/assets/js/designer/diagram/events/startEvent.js">
          <metrics statements="9" coveredstatements="9" conditionals="0" coveredconditionals="0" methods="3" coveredmethods="3"/>
          <line num="5" count="1" type="stmt"/>
          <line num="6" count="1" type="stmt"/>
          <line num="14" count="1" type="stmt"/>
          <line num="23" count="1" type="stmt"/>
          <line num="24" count="1" type="stmt"/>
          <line num="25" count="1" type="stmt"/>
          <line num="41" count="1" type="stmt"/>
          <line num="49" count="1" type="stmt"/>
          <line num="56" count="1" type="stmt"/>
        </file>
      </package>
      <package name="resources.assets.js.designer.diagram.gateways">
        <metrics statements="30" coveredstatements="26" conditionals="2" coveredconditionals="1" methods="11" coveredmethods="10"/>
        <file name="ExclusiveGateway.js" path="/opt/processmaker/resources/assets/js/designer/diagram/gateways/ExclusiveGateway.js">
          <metrics statements="5" coveredstatements="5" conditionals="0" coveredconditionals="0" methods="2" coveredmethods="2"/>
          <line num="8" count="2" type="stmt"/>
          <line num="9" count="2" type="stmt"/>
          <line num="16" count="1" type="stmt"/>
          <line num="17" count="1" type="stmt"/>
          <line num="21" count="1" type="stmt"/>
        </file>
        <file name="gatewayShape.js" path="/opt/processmaker/resources/assets/js/designer/diagram/gateways/gatewayShape.js">
          <metrics statements="15" coveredstatements="11" conditionals="2" coveredconditionals="1" methods="5" coveredmethods="4"/>
          <line num="9" count="6" type="stmt"/>
          <line num="10" count="6" type="stmt"/>
          <line num="33" count="6" type="cond" truecount="1" falsecount="1"/>
          <line num="34" count="6" type="stmt"/>
          <line num="36" count="6" type="stmt"/>
          <line num="43" count="3" type="stmt"/>
          <line num="47" count="3" type="stmt"/>
          <line num="54" count="3" type="stmt"/>
          <line num="55" count="3" type="stmt"/>
          <line num="56" count="3" type="stmt"/>
          <line num="57" count="3" type="stmt"/>
          <line num="65" count="0" type="stmt"/>
          <line num="66" count="0" type="stmt"/>
          <line num="67" count="0" type="stmt"/>
          <line num="71" count="0" type="stmt"/>
        </file>
        <file name="inclusiveGateway.js" path="/opt/processmaker/resources/assets/js/designer/diagram/gateways/inclusiveGateway.js">
          <metrics statements="5" coveredstatements="5" conditionals="0" coveredconditionals="0" methods="2" coveredmethods="2"/>
          <line num="8" count="2" type="stmt"/>
          <line num="9" count="2" type="stmt"/>
          <line num="16" count="1" type="stmt"/>
          <line num="17" count="1" type="stmt"/>
          <line num="18" count="1" type="stmt"/>
        </file>
        <file name="parallelGateway.js" path="/opt/processmaker/resources/assets/js/designer/diagram/gateways/parallelGateway.js">
          <metrics statements="5" coveredstatements="5" conditionals="0" coveredconditionals="0" methods="2" coveredmethods="2"/>
          <line num="8" count="2" type="stmt"/>
          <line num="9" count="2" type="stmt"/>
          <line num="16" count="1" type="stmt"/>
          <line num="17" count="1" type="stmt"/>
          <line num="21" count="1" type="stmt"/>
        </file>
      </package>
      <package name="resources.assets.js.designer.diagram.tasks">
        <metrics statements="13" coveredstatements="9" conditionals="0" coveredconditionals="0" methods="5" coveredmethods="4"/>
        <file name="Task.js" path="/opt/processmaker/resources/assets/js/designer/diagram/tasks/Task.js">
          <metrics statements="2" coveredstatements="2" conditionals="0" coveredconditionals="0" methods="1" coveredmethods="1"/>
          <line num="7" count="2" type="stmt"/>
          <line num="8" count="2" type="stmt"/>
        </file>
        <file name="taskShape.js" path="/opt/processmaker/resources/assets/js/designer/diagram/tasks/taskShape.js">
          <metrics statements="11" coveredstatements="7" conditionals="0" coveredconditionals="0" methods="4" coveredmethods="3"/>
          <line num="9" count="2" type="stmt"/>
          <line num="10" count="2" type="stmt"/>
          <line num="11" count="2" type="stmt"/>
          <line num="32" count="2" type="stmt"/>
          <line num="33" count="2" type="stmt"/>
          <line num="40" count="1" type="stmt"/>
          <line num="47" count="1" type="stmt"/>
          <line num="54" count="0" type="stmt"/>
          <line num="55" count="0" type="stmt"/>
          <line num="56" count="0" type="stmt"/>
          <line num="60" count="0" type="stmt"/>
        </file>
      </package>
      <package name="resources.assets.js.designer.lib">
        <metrics statements="1" coveredstatements="1" conditionals="0" coveredconditionals="0" methods="0" coveredmethods="0"/>
        <file name="event-bus.js" path="/opt/processmaker/resources/assets/js/designer/lib/event-bus.js">
          <metrics statements="1" coveredstatements="1" conditionals="0" coveredconditionals="0" methods="0" coveredmethods="0"/>
          <line num="8" count="8" type="stmt"/>
        </file>
      </package>
    </metrics>
  </project>
</coverage>
