{"C:\\Users\\taylo\\dev\\bpm\\resources\\assets\\js\\components\\FilterBar.vue": {"path":"C:\\Users\\taylo\\dev\\bpm\\resources\\assets\\js\\components\\FilterBar.vue","statementMap":{"0":{"start":{"line":15,"column":0},"end":{"line":null,"column":-1}},"1":{"start":{"line":21,"column":0},"end":{"line":23,"column":0}},"2":{"start":{"line":22,"column":0},"end":{"line":null,"column":-1}},"3":{"start":{"line":26,"column":0},"end":{"line":null,"column":-1}},"4":{"start":{"line":27,"column":0},"end":{"line":null,"column":-1}}},"fnMap":{},"branchMap":{"0":{"loc":{"start":{"line":21,"column":0},"end":{"line":23,"column":0}},"type":"if","locations":[{"start":{"line":21,"column":0},"end":{"line":23,"column":0}},{"start":{"line":21,"column":0},"end":{"line":23,"column":0}}]}},"s":{"0":4,"1":2,"2":1,"3":1,"4":1},"f":{},"b":{"0":[1,1]}}
}
