{"/opt/processmaker/jest/globals.js": {"path":"/opt/processmaker/jest/globals.js","statementMap":{"0":{"start":{"line":1,"column":0},"end":{"line":3,"column":2}},"1":{"start":{"line":2,"column":4},"end":{"line":2,"column":13}},"2":{"start":{"line":5,"column":0},"end":{"line":7,"column":2}},"3":{"start":{"line":6,"column":4},"end":{"line":6,"column":13}},"4":{"start":{"line":9,"column":0},"end":{"line":9,"column":28}},"5":{"start":{"line":10,"column":0},"end":{"line":10,"column":27}}},"fnMap":{"0":{"name":"(anonymous_0)","decl":{"start":{"line":1,"column":14},"end":{"line":1,"column":15}},"loc":{"start":{"line":1,"column":20},"end":{"line":3,"column":1}},"line":1},"1":{"name":"(anonymous_1)","decl":{"start":{"line":5,"column":20},"end":{"line":5,"column":21}},"loc":{"start":{"line":5,"column":26},"end":{"line":7,"column":1}},"line":5}},"branchMap":{},"s":{"0":11,"1":0,"2":11,"3":0,"4":11,"5":11},"f":{"0":0,"1":0},"b":{},"_coverageSchema":"332fd63041d2c1bcb487cc26dd0d5f7d97098a6c","hash":"18f3b2b2554ac1805aa9101f95c1e4271f345026"}
,"/opt/processmaker/resources/assets/js/components/FilterBar.vue": {"path":"/opt/processmaker/resources/assets/js/components/FilterBar.vue","statementMap":{"0":{"start":{"line":14,"column":0},"end":{"line":null,"column":-1}},"1":{"start":{"line":20,"column":0},"end":{"line":23,"column":0}},"2":{"start":{"line":21,"column":0},"end":{"line":null,"column":-1}},"3":{"start":{"line":22,"column":0},"end":{"line":null,"column":-1}}},"fnMap":{},"branchMap":{"0":{"loc":{"start":{"line":20,"column":0},"end":{"line":23,"column":0}},"type":"if","locations":[{"start":{"line":20,"column":0},"end":{"line":23,"column":0}},{"start":{"line":20,"column":0},"end":{"line":23,"column":0}}]}},"s":{"0":3,"1":2,"2":1,"3":1},"f":{},"b":{"0":[1,1]}}
,"/opt/processmaker/resources/assets/js/designer/actions/bpmn.js": {"path":"/opt/processmaker/resources/assets/js/designer/actions/bpmn.js","statementMap":{"0":{"start":{"line":2,"column":20},"end":{"line":10,"column":1}},"1":{"start":{"line":5,"column":25},"end":{"line":5,"column":26}},"2":{"start":{"line":6,"column":25},"end":{"line":6,"column":26}},"3":{"start":{"line":8,"column":20},"end":{"line":8,"column":21}}},"fnMap":{"0":{"name":"(anonymous_0)","decl":{"start":{"line":5,"column":20},"end":{"line":5,"column":21}},"loc":{"start":{"line":5,"column":25},"end":{"line":5,"column":26}},"line":5},"1":{"name":"(anonymous_1)","decl":{"start":{"line":6,"column":20},"end":{"line":6,"column":21}},"loc":{"start":{"line":6,"column":25},"end":{"line":6,"column":26}},"line":6},"2":{"name":"(anonymous_2)","decl":{"start":{"line":8,"column":15},"end":{"line":8,"column":16}},"loc":{"start":{"line":8,"column":20},"end":{"line":8,"column":21}},"line":8}},"branchMap":{},"s":{"0":10,"1":0,"2":0,"3":0},"f":{"0":0,"1":0,"2":0},"b":{},"_coverageSchema":"332fd63041d2c1bcb487cc26dd0d5f7d97098a6c","hash":"c3dcbb97d9da1c1892d1d8a7decf5c7913a27dba"}
,"/opt/processmaker/resources/assets/js/designer/actions/designer.js": {"path":"/opt/processmaker/resources/assets/js/designer/actions/designer.js","statementMap":{"0":{"start":{"line":2,"column":24},"end":{"line":42,"column":1}},"1":{"start":{"line":6,"column":28},"end":{"line":6,"column":29}},"2":{"start":{"line":7,"column":26},"end":{"line":7,"column":27}},"3":{"start":{"line":10,"column":28},"end":{"line":10,"column":29}},"4":{"start":{"line":11,"column":26},"end":{"line":11,"column":27}},"5":{"start":{"line":15,"column":21},"end":{"line":15,"column":22}},"6":{"start":{"line":16,"column":22},"end":{"line":16,"column":23}},"7":{"start":{"line":17,"column":24},"end":{"line":17,"column":25}},"8":{"start":{"line":20,"column":23},"end":{"line":20,"column":24}},"9":{"start":{"line":21,"column":23},"end":{"line":21,"column":24}},"10":{"start":{"line":24,"column":25},"end":{"line":24,"column":26}},"11":{"start":{"line":25,"column":23},"end":{"line":25,"column":24}},"12":{"start":{"line":26,"column":24},"end":{"line":26,"column":25}},"13":{"start":{"line":29,"column":24},"end":{"line":29,"column":25}},"14":{"start":{"line":32,"column":25},"end":{"line":32,"column":26}},"15":{"start":{"line":33,"column":27},"end":{"line":33,"column":28}},"16":{"start":{"line":36,"column":25},"end":{"line":36,"column":26}},"17":{"start":{"line":39,"column":25},"end":{"line":39,"column":26}}},"fnMap":{"0":{"name":"(anonymous_0)","decl":{"start":{"line":6,"column":23},"end":{"line":6,"column":24}},"loc":{"start":{"line":6,"column":28},"end":{"line":6,"column":29}},"line":6},"1":{"name":"(anonymous_1)","decl":{"start":{"line":7,"column":21},"end":{"line":7,"column":22}},"loc":{"start":{"line":7,"column":26},"end":{"line":7,"column":27}},"line":7},"2":{"name":"(anonymous_2)","decl":{"start":{"line":10,"column":23},"end":{"line":10,"column":24}},"loc":{"start":{"line":10,"column":28},"end":{"line":10,"column":29}},"line":10},"3":{"name":"(anonymous_3)","decl":{"start":{"line":11,"column":21},"end":{"line":11,"column":22}},"loc":{"start":{"line":11,"column":26},"end":{"line":11,"column":27}},"line":11},"4":{"name":"(anonymous_4)","decl":{"start":{"line":15,"column":16},"end":{"line":15,"column":17}},"loc":{"start":{"line":15,"column":21},"end":{"line":15,"column":22}},"line":15},"5":{"name":"(anonymous_5)","decl":{"start":{"line":16,"column":17},"end":{"line":16,"column":18}},"loc":{"start":{"line":16,"column":22},"end":{"line":16,"column":23}},"line":16},"6":{"name":"(anonymous_6)","decl":{"start":{"line":17,"column":19},"end":{"line":17,"column":20}},"loc":{"start":{"line":17,"column":24},"end":{"line":17,"column":25}},"line":17},"7":{"name":"(anonymous_7)","decl":{"start":{"line":20,"column":18},"end":{"line":20,"column":19}},"loc":{"start":{"line":20,"column":23},"end":{"line":20,"column":24}},"line":20},"8":{"name":"(anonymous_8)","decl":{"start":{"line":21,"column":18},"end":{"line":21,"column":19}},"loc":{"start":{"line":21,"column":23},"end":{"line":21,"column":24}},"line":21},"9":{"name":"(anonymous_9)","decl":{"start":{"line":24,"column":20},"end":{"line":24,"column":21}},"loc":{"start":{"line":24,"column":25},"end":{"line":24,"column":26}},"line":24},"10":{"name":"(anonymous_10)","decl":{"start":{"line":25,"column":18},"end":{"line":25,"column":19}},"loc":{"start":{"line":25,"column":23},"end":{"line":25,"column":24}},"line":25},"11":{"name":"(anonymous_11)","decl":{"start":{"line":26,"column":19},"end":{"line":26,"column":20}},"loc":{"start":{"line":26,"column":24},"end":{"line":26,"column":25}},"line":26},"12":{"name":"(anonymous_12)","decl":{"start":{"line":29,"column":19},"end":{"line":29,"column":20}},"loc":{"start":{"line":29,"column":24},"end":{"line":29,"column":25}},"line":29},"13":{"name":"(anonymous_13)","decl":{"start":{"line":32,"column":20},"end":{"line":32,"column":21}},"loc":{"start":{"line":32,"column":25},"end":{"line":32,"column":26}},"line":32},"14":{"name":"(anonymous_14)","decl":{"start":{"line":33,"column":22},"end":{"line":33,"column":23}},"loc":{"start":{"line":33,"column":27},"end":{"line":33,"column":28}},"line":33},"15":{"name":"(anonymous_15)","decl":{"start":{"line":36,"column":20},"end":{"line":36,"column":21}},"loc":{"start":{"line":36,"column":25},"end":{"line":36,"column":26}},"line":36},"16":{"name":"(anonymous_16)","decl":{"start":{"line":39,"column":20},"end":{"line":39,"column":21}},"loc":{"start":{"line":39,"column":25},"end":{"line":39,"column":26}},"line":39}},"branchMap":{},"s":{"0":10,"1":1,"2":2,"3":1,"4":1,"5":1,"6":1,"7":1,"8":5,"9":5,"10":2,"11":1,"12":1,"13":1,"14":2,"15":1,"16":1,"17":1},"f":{"0":1,"1":2,"2":1,"3":1,"4":1,"5":1,"6":1,"7":5,"8":5,"9":2,"10":1,"11":1,"12":1,"13":2,"14":1,"15":1,"16":1},"b":{},"_coverageSchema":"332fd63041d2c1bcb487cc26dd0d5f7d97098a6c","hash":"304492b5834118ece898ce0dd20d4c6ca0bacf69"}
,"/opt/processmaker/resources/assets/js/designer/actions/index.js": {"path":"/opt/processmaker/resources/assets/js/designer/actions/index.js","statementMap":{},"fnMap":{},"branchMap":{},"s":{},"f":{},"b":{},"_coverageSchema":"332fd63041d2c1bcb487cc26dd0d5f7d97098a6c","hash":"7f8b9cd7e3a5a2fd01adea9d10ae2cd761433b6b"}
,"/opt/processmaker/resources/assets/js/designer/base/actionsCreator.js": {"path":"/opt/processmaker/resources/assets/js/designer/base/actionsCreator.js","statementMap":{"0":{"start":{"line":8,"column":20},"end":{"line":8,"column":22}},"1":{"start":{"line":9,"column":4},"end":{"line":11,"column":7}},"2":{"start":{"line":10,"column":8},"end":{"line":10,"column":58}},"3":{"start":{"line":12,"column":4},"end":{"line":12,"column":21}},"4":{"start":{"line":24,"column":4},"end":{"line":30,"column":5}},"5":{"start":{"line":25,"column":8},"end":{"line":25,"column":44}},"6":{"start":{"line":27,"column":8},"end":{"line":29,"column":11}},"7":{"start":{"line":28,"column":12},"end":{"line":28,"column":63}},"8":{"start":{"line":41,"column":19},"end":{"line":41,"column":26}},"9":{"start":{"line":42,"column":15},"end":{"line":42,"column":32}},"10":{"start":{"line":44,"column":4},"end":{"line":58,"column":5}},"11":{"start":{"line":45,"column":8},"end":{"line":45,"column":29}},"12":{"start":{"line":46,"column":8},"end":{"line":48,"column":9}},"13":{"start":{"line":47,"column":12},"end":{"line":47,"column":33}},"14":{"start":{"line":49,"column":8},"end":{"line":49,"column":28}},"15":{"start":{"line":50,"column":8},"end":{"line":56,"column":9}},"16":{"start":{"line":51,"column":12},"end":{"line":54,"column":14}},"17":{"start":{"line":51,"column":44},"end":{"line":54,"column":13}},"18":{"start":{"line":55,"column":12},"end":{"line":55,"column":48}},"19":{"start":{"line":55,"column":45},"end":{"line":55,"column":48}},"20":{"start":{"line":57,"column":8},"end":{"line":57,"column":35}},"21":{"start":{"line":59,"column":4},"end":{"line":59,"column":19}}},"fnMap":{"0":{"name":"actionsCreator","decl":{"start":{"line":7,"column":24},"end":{"line":7,"column":38}},"loc":{"start":{"line":7,"column":50},"end":{"line":13,"column":1}},"line":7},"1":{"name":"(anonymous_1)","decl":{"start":{"line":9,"column":21},"end":{"line":9,"column":22}},"loc":{"start":{"line":9,"column":45},"end":{"line":11,"column":5}},"line":9},"2":{"name":"mappingValues","decl":{"start":{"line":23,"column":9},"end":{"line":23,"column":22}},"loc":{"start":{"line":23,"column":57},"end":{"line":31,"column":1}},"line":23},"3":{"name":"(anonymous_3)","decl":{"start":{"line":27,"column":21},"end":{"line":27,"column":22}},"loc":{"start":{"line":27,"column":38},"end":{"line":29,"column":9}},"line":27},"4":{"name":"creationObject","decl":{"start":{"line":40,"column":9},"end":{"line":40,"column":23}},"loc":{"start":{"line":40,"column":45},"end":{"line":60,"column":1}},"line":40},"5":{"name":"(anonymous_5)","decl":{"start":{"line":51,"column":30},"end":{"line":51,"column":31}},"loc":{"start":{"line":51,"column":44},"end":{"line":54,"column":13}},"line":51},"6":{"name":"(anonymous_6)","decl":{"start":{"line":55,"column":39},"end":{"line":55,"column":40}},"loc":{"start":{"line":55,"column":45},"end":{"line":55,"column":48}},"line":55}},"branchMap":{"0":{"loc":{"start":{"line":24,"column":4},"end":{"line":30,"column":5}},"type":"if","locations":[{"start":{"line":24,"column":4},"end":{"line":30,"column":5}},{"start":{"line":24,"column":4},"end":{"line":30,"column":5}}],"line":24},"1":{"loc":{"start":{"line":46,"column":8},"end":{"line":48,"column":9}},"type":"if","locations":[{"start":{"line":46,"column":8},"end":{"line":48,"column":9}},{"start":{"line":46,"column":8},"end":{"line":48,"column":9}}],"line":46},"2":{"loc":{"start":{"line":50,"column":8},"end":{"line":56,"column":9}},"type":"if","locations":[{"start":{"line":50,"column":8},"end":{"line":56,"column":9}},{"start":{"line":50,"column":8},"end":{"line":56,"column":9}}],"line":50}},"s":{"0":10,"1":10,"2":20,"3":10,"4":330,"5":200,"6":130,"7":310,"8":200,"9":200,"10":200,"11":630,"12":630,"13":330,"14":630,"15":630,"16":200,"17":28,"18":200,"19":0,"20":630,"21":200},"f":{"0":10,"1":20,"2":330,"3":310,"4":200,"5":28,"6":0},"b":{"0":[200,130],"1":[330,300],"2":[200,430]},"_coverageSchema":"332fd63041d2c1bcb487cc26dd0d5f7d97098a6c","hash":"ce7ae8761208ab41b123c1f6c49a81b8d0c36188"}
,"/opt/processmaker/resources/assets/js/designer/components/crown.vue": {"path":"/opt/processmaker/resources/assets/js/designer/components/crown.vue","statementMap":{"0":{"start":{"line":39,"column":0},"end":{"line":null,"column":-1}},"1":{"start":{"line":40,"column":0},"end":{"line":null,"column":-1}},"2":{"start":{"line":43,"column":0},"end":{"line":null,"column":-1}},"3":{"start":{"line":52,"column":0},"end":{"line":null,"column":-1}},"4":{"start":{"line":53,"column":0},"end":{"line":null,"column":-1}},"5":{"start":{"line":60,"column":0},"end":{"line":null,"column":-1}},"6":{"start":{"line":61,"column":0},"end":{"line":null,"column":-1}},"7":{"start":{"line":67,"column":0},"end":{"line":null,"column":-1}},"8":{"start":{"line":68,"column":0},"end":{"line":null,"column":-1}},"9":{"start":{"line":69,"column":0},"end":{"line":null,"column":-1}},"10":{"start":{"line":75,"column":0},"end":{"line":null,"column":-1}},"11":{"start":{"line":78,"column":0},"end":{"line":null,"column":-1}},"12":{"start":{"line":79,"column":0},"end":{"line":null,"column":-1}},"13":{"start":{"line":80,"column":0},"end":{"line":null,"column":-1}},"14":{"start":{"line":81,"column":0},"end":{"line":null,"column":-1}},"15":{"start":{"line":84,"column":0},"end":{"line":null,"column":-1}},"16":{"start":{"line":85,"column":0},"end":{"line":null,"column":-1}}},"fnMap":{"0":{"name":"(anonymous_2)","decl":{"start":{"line":52,"column":0},"end":{"line":null,"column":-1}},"loc":{"start":{"line":52,"column":0},"end":{"line":null,"column":-1}}},"1":{"name":"(anonymous_3)","decl":{"start":{"line":53,"column":0},"end":{"line":null,"column":-1}},"loc":{"start":{"line":53,"column":0},"end":{"line":null,"column":-1}}}},"branchMap":{},"s":{"0":1,"1":1,"2":5,"3":5,"4":5,"5":1,"6":1,"7":1,"8":1,"9":1,"10":1,"11":0,"12":0,"13":0,"14":0,"15":1,"16":1},"f":{"0":0,"1":0},"b":{}}
,"/opt/processmaker/resources/assets/js/designer/components/toolbar.vue": {"path":"/opt/processmaker/resources/assets/js/designer/components/toolbar.vue","statementMap":{"0":{"start":{"line":68,"column":0},"end":{"line":null,"column":-1}},"1":{"start":{"line":69,"column":0},"end":{"line":null,"column":-1}},"2":{"start":{"line":73,"column":0},"end":{"line":null,"column":-1}},"3":{"start":{"line":74,"column":0},"end":{"line":null,"column":-1}}},"fnMap":{},"branchMap":{},"s":{"0":1,"1":1,"2":1,"3":1},"f":{},"b":{}}
,"/opt/processmaker/resources/assets/js/designer/components/toptoolbar.vue": {"path":"/opt/processmaker/resources/assets/js/designer/components/toptoolbar.vue","statementMap":{"0":{"start":{"line":43,"column":0},"end":{"line":null,"column":-1}},"1":{"start":{"line":44,"column":0},"end":{"line":null,"column":-1}},"2":{"start":{"line":48,"column":0},"end":{"line":null,"column":-1}},"3":{"start":{"line":49,"column":0},"end":{"line":51,"column":0}},"4":{"start":{"line":50,"column":0},"end":{"line":null,"column":-1}},"5":{"start":{"line":52,"column":0},"end":{"line":null,"column":-1}},"6":{"start":{"line":55,"column":0},"end":{"line":null,"column":-1}},"7":{"start":{"line":56,"column":0},"end":{"line":null,"column":-1}},"8":{"start":{"line":59,"column":0},"end":{"line":null,"column":-1}},"9":{"start":{"line":60,"column":0},"end":{"line":73,"column":0}},"10":{"start":{"line":61,"column":0},"end":{"line":null,"column":-1}},"11":{"start":{"line":62,"column":0},"end":{"line":null,"column":-1}},"12":{"start":{"line":63,"column":0},"end":{"line":null,"column":-1}},"13":{"start":{"line":64,"column":0},"end":{"line":66,"column":0}},"14":{"start":{"line":65,"column":0},"end":{"line":null,"column":-1}},"15":{"start":{"line":67,"column":0},"end":{"line":70,"column":0}},"16":{"start":{"line":68,"column":0},"end":{"line":null,"column":-1}},"17":{"start":{"line":69,"column":0},"end":{"line":null,"column":-1}},"18":{"start":{"line":71,"column":0},"end":{"line":null,"column":-1}},"19":{"start":{"line":72,"column":0},"end":{"line":null,"column":-1}},"20":{"start":{"line":76,"column":0},"end":{"line":null,"column":-1}},"21":{"start":{"line":78,"column":0},"end":{"line":null,"column":-1}},"22":{"start":{"line":79,"column":0},"end":{"line":null,"column":-1}},"23":{"start":{"line":81,"column":0},"end":{"line":null,"column":-1}},"24":{"start":{"line":82,"column":0},"end":{"line":null,"column":-1}},"25":{"start":{"line":84,"column":0},"end":{"line":null,"column":-1}},"26":{"start":{"line":86,"column":0},"end":{"line":null,"column":-1}}},"fnMap":{"0":{"name":"(anonymous_2)","decl":{"start":{"line":64,"column":0},"end":{"line":null,"column":-1}},"loc":{"start":{"line":64,"column":0},"end":{"line":66,"column":0}}},"1":{"name":"(anonymous_3)","decl":{"start":{"line":67,"column":0},"end":{"line":null,"column":-1}},"loc":{"start":{"line":67,"column":0},"end":{"line":70,"column":0}}}},"branchMap":{"0":{"loc":{"start":{"line":49,"column":0},"end":{"line":51,"column":0}},"type":"if","locations":[{"start":{"line":49,"column":0},"end":{"line":51,"column":0}},{"start":{"line":49,"column":0},"end":{"line":51,"column":0}}]},"1":{"loc":{"start":{"line":59,"column":0},"end":{"line":null,"column":-1}},"type":"cond-expr","locations":[{"start":{"line":59,"column":0},"end":{"line":null,"column":-1}},{"start":{"line":59,"column":0},"end":{"line":null,"column":-1}}]},"2":{"loc":{"start":{"line":60,"column":0},"end":{"line":73,"column":0}},"type":"if","locations":[{"start":{"line":60,"column":0},"end":{"line":73,"column":0}},{"start":{"line":60,"column":0},"end":{"line":73,"column":0}}]},"3":{"loc":{"start":{"line":77,"column":0},"end":{"line":79,"column":0}},"type":"switch","locations":[{"start":{"line":77,"column":0},"end":{"line":79,"column":0}},{"start":{"line":80,"column":0},"end":{"line":82,"column":0}},{"start":{"line":83,"column":0},"end":{"line":84,"column":0}},{"start":{"line":85,"column":0},"end":{"line":86,"column":0}}]}},"s":{"0":1,"1":1,"2":1,"3":1,"4":1,"5":1,"6":0,"7":0,"8":0,"9":0,"10":0,"11":0,"12":0,"13":0,"14":0,"15":0,"16":0,"17":0,"18":0,"19":0,"20":0,"21":0,"22":0,"23":0,"24":0,"25":0,"26":0},"f":{"0":0,"1":0},"b":{"0":[1,0],"1":[0,0],"2":[0,0],"3":[0,0,0,0]}}
,"/opt/processmaker/resources/assets/js/designer/diagram/Shape.js": {"path":"/opt/processmaker/resources/assets/js/designer/diagram/Shape.js","statementMap":{"0":{"start":{"line":10,"column":8},"end":{"line":10,"column":26}},"1":{"start":{"line":11,"column":8},"end":{"line":11,"column":26}},"2":{"start":{"line":12,"column":8},"end":{"line":12,"column":32}},"3":{"start":{"line":13,"column":8},"end":{"line":13,"column":25}},"4":{"start":{"line":14,"column":8},"end":{"line":14,"column":26}},"5":{"start":{"line":15,"column":8},"end":{"line":15,"column":27}},"6":{"start":{"line":24,"column":8},"end":{"line":27,"column":10}},"7":{"start":{"line":28,"column":8},"end":{"line":28,"column":19}},"8":{"start":{"line":32,"column":8},"end":{"line":32,"column":77}},"9":{"start":{"line":36,"column":8},"end":{"line":36,"column":77}},"10":{"start":{"line":37,"column":8},"end":{"line":37,"column":25}},"11":{"start":{"line":44,"column":21},"end":{"line":44,"column":23}},"12":{"start":{"line":45,"column":21},"end":{"line":48,"column":10}},"13":{"start":{"line":49,"column":8},"end":{"line":49,"column":51}},"14":{"start":{"line":56,"column":21},"end":{"line":56,"column":50}},"15":{"start":{"line":57,"column":8},"end":{"line":57,"column":51}},"16":{"start":{"line":65,"column":8},"end":{"line":65,"column":26}},"17":{"start":{"line":72,"column":8},"end":{"line":72,"column":24}},"18":{"start":{"line":88,"column":8},"end":{"line":88,"column":28}},"19":{"start":{"line":89,"column":8},"end":{"line":89,"column":19}},"20":{"start":{"line":98,"column":8},"end":{"line":98,"column":24}},"21":{"start":{"line":106,"column":8},"end":{"line":111,"column":9}},"22":{"start":{"line":107,"column":12},"end":{"line":107,"column":60}},"23":{"start":{"line":108,"column":12},"end":{"line":110,"column":14}},"24":{"start":{"line":109,"column":16},"end":{"line":109,"column":33}},"25":{"start":{"line":115,"column":8},"end":{"line":115,"column":27}},"26":{"start":{"line":116,"column":8},"end":{"line":116,"column":19}},"27":{"start":{"line":120,"column":21},"end":{"line":120,"column":60}},"28":{"start":{"line":121,"column":8},"end":{"line":121,"column":51}},"29":{"start":{"line":125,"column":21},"end":{"line":125,"column":60}},"30":{"start":{"line":126,"column":8},"end":{"line":126,"column":51}}},"fnMap":{"0":{"name":"(anonymous_0)","decl":{"start":{"line":9,"column":4},"end":{"line":9,"column":5}},"loc":{"start":{"line":9,"column":30},"end":{"line":16,"column":5}},"line":9},"1":{"name":"(anonymous_1)","decl":{"start":{"line":23,"column":4},"end":{"line":23,"column":5}},"loc":{"start":{"line":23,"column":20},"end":{"line":29,"column":5}},"line":23},"2":{"name":"(anonymous_2)","decl":{"start":{"line":31,"column":4},"end":{"line":31,"column":5}},"loc":{"start":{"line":31,"column":25},"end":{"line":33,"column":5}},"line":31},"3":{"name":"(anonymous_3)","decl":{"start":{"line":35,"column":4},"end":{"line":35,"column":5}},"loc":{"start":{"line":35,"column":25},"end":{"line":38,"column":5}},"line":35},"4":{"name":"(anonymous_4)","decl":{"start":{"line":43,"column":4},"end":{"line":43,"column":5}},"loc":{"start":{"line":43,"column":16},"end":{"line":50,"column":5}},"line":43},"5":{"name":"(anonymous_5)","decl":{"start":{"line":55,"column":4},"end":{"line":55,"column":5}},"loc":{"start":{"line":55,"column":16},"end":{"line":58,"column":5}},"line":55},"6":{"name":"(anonymous_6)","decl":{"start":{"line":64,"column":4},"end":{"line":64,"column":5}},"loc":{"start":{"line":64,"column":15},"end":{"line":66,"column":5}},"line":64},"7":{"name":"(anonymous_7)","decl":{"start":{"line":71,"column":4},"end":{"line":71,"column":5}},"loc":{"start":{"line":71,"column":15},"end":{"line":73,"column":5}},"line":71},"8":{"name":"(anonymous_8)","decl":{"start":{"line":78,"column":4},"end":{"line":78,"column":5}},"loc":{"start":{"line":78,"column":13},"end":{"line":80,"column":5}},"line":78},"9":{"name":"(anonymous_9)","decl":{"start":{"line":87,"column":4},"end":{"line":87,"column":5}},"loc":{"start":{"line":87,"column":22},"end":{"line":90,"column":5}},"line":87},"10":{"name":"(anonymous_10)","decl":{"start":{"line":97,"column":4},"end":{"line":97,"column":5}},"loc":{"start":{"line":97,"column":14},"end":{"line":99,"column":5}},"line":97},"11":{"name":"(anonymous_11)","decl":{"start":{"line":104,"column":4},"end":{"line":104,"column":5}},"loc":{"start":{"line":104,"column":17},"end":{"line":112,"column":5}},"line":104},"12":{"name":"(anonymous_12)","decl":{"start":{"line":108,"column":26},"end":{"line":108,"column":27}},"loc":{"start":{"line":108,"column":36},"end":{"line":110,"column":13}},"line":108},"13":{"name":"(anonymous_13)","decl":{"start":{"line":114,"column":4},"end":{"line":114,"column":5}},"loc":{"start":{"line":114,"column":13},"end":{"line":117,"column":5}},"line":114},"14":{"name":"(anonymous_14)","decl":{"start":{"line":119,"column":4},"end":{"line":119,"column":5}},"loc":{"start":{"line":119,"column":17},"end":{"line":122,"column":5}},"line":119},"15":{"name":"(anonymous_15)","decl":{"start":{"line":124,"column":4},"end":{"line":124,"column":5}},"loc":{"start":{"line":124,"column":17},"end":{"line":127,"column":5}},"line":124}},"branchMap":{"0":{"loc":{"start":{"line":106,"column":8},"end":{"line":111,"column":9}},"type":"if","locations":[{"start":{"line":106,"column":8},"end":{"line":111,"column":9}},{"start":{"line":106,"column":8},"end":{"line":111,"column":9}}],"line":106}},"s":{"0":5,"1":5,"2":5,"3":5,"4":5,"5":5,"6":4,"7":4,"8":5,"9":0,"10":0,"11":0,"12":0,"13":0,"14":0,"15":0,"16":0,"17":0,"18":0,"19":0,"20":0,"21":0,"22":0,"23":0,"24":0,"25":0,"26":0,"27":0,"28":0,"29":0,"30":0},"f":{"0":5,"1":4,"2":5,"3":0,"4":0,"5":0,"6":0,"7":0,"8":0,"9":0,"10":0,"11":0,"12":0,"13":0,"14":0,"15":0},"b":{"0":[0,0]},"_coverageSchema":"332fd63041d2c1bcb487cc26dd0d5f7d97098a6c","hash":"af58c34c750886e19dc489602fc7dcfb8619b291"}
,"/opt/processmaker/resources/assets/js/designer/diagram/elements.js": {"path":"/opt/processmaker/resources/assets/js/designer/diagram/elements.js","statementMap":{"0":{"start":{"line":22,"column":24},"end":{"line":43,"column":2}}},"fnMap":{},"branchMap":{},"s":{"0":6},"f":{},"b":{},"_coverageSchema":"332fd63041d2c1bcb487cc26dd0d5f7d97098a6c","hash":"435fde5c6e7d2176d956e6bca6c9bc5ebe625ff7"}
,"/opt/processmaker/resources/assets/js/designer/diagram/artifacts/Group.js": {"path":"/opt/processmaker/resources/assets/js/designer/diagram/artifacts/Group.js","statementMap":{"0":{"start":{"line":8,"column":8},"end":{"line":8,"column":27}},"1":{"start":{"line":9,"column":8},"end":{"line":15,"column":9}},"2":{"start":{"line":16,"column":8},"end":{"line":16,"column":28}},"3":{"start":{"line":23,"column":8},"end":{"line":23,"column":47}},"4":{"start":{"line":24,"column":8},"end":{"line":24,"column":60}},"5":{"start":{"line":25,"column":8},"end":{"line":25,"column":67}},"6":{"start":{"line":26,"column":8},"end":{"line":26,"column":37}}},"fnMap":{"0":{"name":"(anonymous_0)","decl":{"start":{"line":7,"column":4},"end":{"line":7,"column":5}},"loc":{"start":{"line":7,"column":39},"end":{"line":17,"column":5}},"line":7},"1":{"name":"(anonymous_1)","decl":{"start":{"line":22,"column":4},"end":{"line":22,"column":5}},"loc":{"start":{"line":22,"column":13},"end":{"line":27,"column":5}},"line":22}},"branchMap":{},"s":{"0":0,"1":0,"2":0,"3":0,"4":0,"5":0,"6":0},"f":{"0":0,"1":0},"b":{},"_coverageSchema":"332fd63041d2c1bcb487cc26dd0d5f7d97098a6c","hash":"bfca7c7ecde4d5d841cfe587924f8fa89e73e58c"}
,"/opt/processmaker/resources/assets/js/designer/diagram/data/DataObject.js": {"path":"/opt/processmaker/resources/assets/js/designer/diagram/data/DataObject.js","statementMap":{"0":{"start":{"line":8,"column":8},"end":{"line":8,"column":27}},"1":{"start":{"line":9,"column":8},"end":{"line":15,"column":9}},"2":{"start":{"line":16,"column":8},"end":{"line":16,"column":28}},"3":{"start":{"line":23,"column":8},"end":{"line":23,"column":52}},"4":{"start":{"line":24,"column":8},"end":{"line":24,"column":60}},"5":{"start":{"line":25,"column":8},"end":{"line":25,"column":67}},"6":{"start":{"line":26,"column":8},"end":{"line":26,"column":37}}},"fnMap":{"0":{"name":"(anonymous_0)","decl":{"start":{"line":7,"column":4},"end":{"line":7,"column":5}},"loc":{"start":{"line":7,"column":39},"end":{"line":17,"column":5}},"line":7},"1":{"name":"(anonymous_1)","decl":{"start":{"line":22,"column":4},"end":{"line":22,"column":5}},"loc":{"start":{"line":22,"column":13},"end":{"line":27,"column":5}},"line":22}},"branchMap":{},"s":{"0":0,"1":0,"2":0,"3":0,"4":0,"5":0,"6":0},"f":{"0":0,"1":0},"b":{},"_coverageSchema":"332fd63041d2c1bcb487cc26dd0d5f7d97098a6c","hash":"4a0d45626a19ecedd3dbc601e47fc5bfcf619748"}
,"/opt/processmaker/resources/assets/js/designer/diagram/data/DataStore.js": {"path":"/opt/processmaker/resources/assets/js/designer/diagram/data/DataStore.js","statementMap":{"0":{"start":{"line":8,"column":8},"end":{"line":8,"column":27}},"1":{"start":{"line":9,"column":8},"end":{"line":15,"column":9}},"2":{"start":{"line":16,"column":8},"end":{"line":16,"column":28}},"3":{"start":{"line":23,"column":8},"end":{"line":23,"column":51}},"4":{"start":{"line":24,"column":8},"end":{"line":24,"column":60}},"5":{"start":{"line":25,"column":8},"end":{"line":25,"column":67}},"6":{"start":{"line":26,"column":8},"end":{"line":26,"column":37}}},"fnMap":{"0":{"name":"(anonymous_0)","decl":{"start":{"line":7,"column":4},"end":{"line":7,"column":5}},"loc":{"start":{"line":7,"column":39},"end":{"line":17,"column":5}},"line":7},"1":{"name":"(anonymous_1)","decl":{"start":{"line":22,"column":4},"end":{"line":22,"column":5}},"loc":{"start":{"line":22,"column":13},"end":{"line":27,"column":5}},"line":22}},"branchMap":{},"s":{"0":0,"1":0,"2":0,"3":0,"4":0,"5":0,"6":0},"f":{"0":0,"1":0},"b":{},"_coverageSchema":"332fd63041d2c1bcb487cc26dd0d5f7d97098a6c","hash":"e637b2db624836f19eb03efad7cb608b6442a55e"}
,"/opt/processmaker/resources/assets/js/designer/diagram/events/EndEmailEvent.js": {"path":"/opt/processmaker/resources/assets/js/designer/diagram/events/EndEmailEvent.js","statementMap":{"0":{"start":{"line":8,"column":8},"end":{"line":8,"column":27}},"1":{"start":{"line":9,"column":8},"end":{"line":19,"column":9}},"2":{"start":{"line":20,"column":8},"end":{"line":20,"column":28}},"3":{"start":{"line":21,"column":8},"end":{"line":24,"column":10}},"4":{"start":{"line":31,"column":8},"end":{"line":31,"column":55}},"5":{"start":{"line":32,"column":8},"end":{"line":32,"column":74}},"6":{"start":{"line":33,"column":8},"end":{"line":33,"column":81}},"7":{"start":{"line":34,"column":8},"end":{"line":34,"column":37}}},"fnMap":{"0":{"name":"(anonymous_0)","decl":{"start":{"line":7,"column":4},"end":{"line":7,"column":5}},"loc":{"start":{"line":7,"column":39},"end":{"line":25,"column":5}},"line":7},"1":{"name":"(anonymous_1)","decl":{"start":{"line":30,"column":4},"end":{"line":30,"column":5}},"loc":{"start":{"line":30,"column":13},"end":{"line":35,"column":5}},"line":30}},"branchMap":{},"s":{"0":1,"1":1,"2":1,"3":1,"4":1,"5":1,"6":1,"7":1},"f":{"0":1,"1":1},"b":{},"_coverageSchema":"332fd63041d2c1bcb487cc26dd0d5f7d97098a6c","hash":"9b60cf18a15b3358aa9f78bb788bb8426fdeeaad"}
,"/opt/processmaker/resources/assets/js/designer/diagram/events/EndEvent.js": {"path":"/opt/processmaker/resources/assets/js/designer/diagram/events/EndEvent.js","statementMap":{"0":{"start":{"line":8,"column":8},"end":{"line":8,"column":27}},"1":{"start":{"line":9,"column":8},"end":{"line":19,"column":9}},"2":{"start":{"line":20,"column":8},"end":{"line":20,"column":28}},"3":{"start":{"line":21,"column":8},"end":{"line":21,"column":41}},"4":{"start":{"line":28,"column":8},"end":{"line":28,"column":49}},"5":{"start":{"line":29,"column":8},"end":{"line":29,"column":73}},"6":{"start":{"line":30,"column":8},"end":{"line":30,"column":80}},"7":{"start":{"line":31,"column":8},"end":{"line":31,"column":36}}},"fnMap":{"0":{"name":"(anonymous_0)","decl":{"start":{"line":7,"column":4},"end":{"line":7,"column":5}},"loc":{"start":{"line":7,"column":39},"end":{"line":22,"column":5}},"line":7},"1":{"name":"(anonymous_1)","decl":{"start":{"line":27,"column":4},"end":{"line":27,"column":5}},"loc":{"start":{"line":27,"column":13},"end":{"line":32,"column":5}},"line":27}},"branchMap":{},"s":{"0":1,"1":1,"2":1,"3":1,"4":1,"5":1,"6":1,"7":1},"f":{"0":1,"1":1},"b":{},"_coverageSchema":"332fd63041d2c1bcb487cc26dd0d5f7d97098a6c","hash":"bc0a7ad5827dfe53d6a7fc64a6383b35846792dc"}
,"/opt/processmaker/resources/assets/js/designer/diagram/events/MessageEventDefinition.js": {"path":"/opt/processmaker/resources/assets/js/designer/diagram/events/MessageEventDefinition.js","statementMap":{"0":{"start":{"line":8,"column":8},"end":{"line":8,"column":27}},"1":{"start":{"line":9,"column":8},"end":{"line":18,"column":9}},"2":{"start":{"line":19,"column":8},"end":{"line":22,"column":11}},"3":{"start":{"line":23,"column":8},"end":{"line":26,"column":10}},"4":{"start":{"line":33,"column":8},"end":{"line":33,"column":64}},"5":{"start":{"line":34,"column":8},"end":{"line":34,"column":73}},"6":{"start":{"line":35,"column":8},"end":{"line":35,"column":80}},"7":{"start":{"line":36,"column":8},"end":{"line":36,"column":36}}},"fnMap":{"0":{"name":"(anonymous_0)","decl":{"start":{"line":7,"column":4},"end":{"line":7,"column":5}},"loc":{"start":{"line":7,"column":39},"end":{"line":27,"column":5}},"line":7},"1":{"name":"(anonymous_1)","decl":{"start":{"line":32,"column":4},"end":{"line":32,"column":5}},"loc":{"start":{"line":32,"column":13},"end":{"line":37,"column":5}},"line":32}},"branchMap":{},"s":{"0":1,"1":1,"2":1,"3":1,"4":1,"5":1,"6":1,"7":1},"f":{"0":1,"1":1},"b":{},"_coverageSchema":"332fd63041d2c1bcb487cc26dd0d5f7d97098a6c","hash":"5cabd5415eaf097655673485125f56b341a78499"}
,"/opt/processmaker/resources/assets/js/designer/diagram/events/StartEvent.js": {"path":"/opt/processmaker/resources/assets/js/designer/diagram/events/StartEvent.js","statementMap":{"0":{"start":{"line":8,"column":8},"end":{"line":8,"column":27}},"1":{"start":{"line":9,"column":8},"end":{"line":19,"column":9}},"2":{"start":{"line":20,"column":8},"end":{"line":20,"column":28}},"3":{"start":{"line":21,"column":8},"end":{"line":21,"column":41}},"4":{"start":{"line":25,"column":8},"end":{"line":25,"column":64}},"5":{"start":{"line":26,"column":8},"end":{"line":26,"column":20}},"6":{"start":{"line":33,"column":8},"end":{"line":33,"column":51}},"7":{"start":{"line":34,"column":8},"end":{"line":34,"column":73}},"8":{"start":{"line":35,"column":8},"end":{"line":35,"column":80}},"9":{"start":{"line":36,"column":8},"end":{"line":36,"column":36}}},"fnMap":{"0":{"name":"(anonymous_0)","decl":{"start":{"line":7,"column":4},"end":{"line":7,"column":5}},"loc":{"start":{"line":7,"column":39},"end":{"line":22,"column":5}},"line":7},"1":{"name":"(anonymous_1)","decl":{"start":{"line":24,"column":4},"end":{"line":24,"column":5}},"loc":{"start":{"line":24,"column":20},"end":{"line":27,"column":5}},"line":24},"2":{"name":"(anonymous_2)","decl":{"start":{"line":32,"column":4},"end":{"line":32,"column":5}},"loc":{"start":{"line":32,"column":13},"end":{"line":37,"column":5}},"line":32}},"branchMap":{},"s":{"0":1,"1":1,"2":1,"3":1,"4":1,"5":1,"6":1,"7":1,"8":1,"9":1},"f":{"0":1,"1":1,"2":1},"b":{},"_coverageSchema":"332fd63041d2c1bcb487cc26dd0d5f7d97098a6c","hash":"3a11383545cf2675dd8ca3fa2a0af7555b04b753"}
,"/opt/processmaker/resources/assets/js/designer/diagram/events/TimerEventDefinition.js": {"path":"/opt/processmaker/resources/assets/js/designer/diagram/events/TimerEventDefinition.js","statementMap":{"0":{"start":{"line":8,"column":8},"end":{"line":8,"column":27}},"1":{"start":{"line":9,"column":8},"end":{"line":18,"column":9}},"2":{"start":{"line":19,"column":8},"end":{"line":22,"column":11}},"3":{"start":{"line":23,"column":8},"end":{"line":26,"column":10}},"4":{"start":{"line":33,"column":8},"end":{"line":33,"column":62}},"5":{"start":{"line":34,"column":8},"end":{"line":34,"column":73}},"6":{"start":{"line":35,"column":8},"end":{"line":35,"column":80}},"7":{"start":{"line":36,"column":8},"end":{"line":36,"column":36}}},"fnMap":{"0":{"name":"(anonymous_0)","decl":{"start":{"line":7,"column":4},"end":{"line":7,"column":5}},"loc":{"start":{"line":7,"column":39},"end":{"line":27,"column":5}},"line":7},"1":{"name":"(anonymous_1)","decl":{"start":{"line":32,"column":4},"end":{"line":32,"column":5}},"loc":{"start":{"line":32,"column":13},"end":{"line":37,"column":5}},"line":32}},"branchMap":{},"s":{"0":1,"1":1,"2":1,"3":1,"4":1,"5":1,"6":1,"7":1},"f":{"0":1,"1":1},"b":{},"_coverageSchema":"332fd63041d2c1bcb487cc26dd0d5f7d97098a6c","hash":"3b8a2033befdbfc702952a9250d693fa6b51bb04"}
,"/opt/processmaker/resources/assets/js/designer/diagram/flow/Flow.js": {"path":"/opt/processmaker/resources/assets/js/designer/diagram/flow/Flow.js","statementMap":{"0":{"start":{"line":8,"column":8},"end":{"line":8,"column":26}},"1":{"start":{"line":9,"column":8},"end":{"line":9,"column":26}},"2":{"start":{"line":10,"column":8},"end":{"line":10,"column":25}},"3":{"start":{"line":19,"column":8},"end":{"line":19,"column":64}},"4":{"start":{"line":20,"column":8},"end":{"line":20,"column":20}},"5":{"start":{"line":28,"column":8},"end":{"line":28,"column":25}},"6":{"start":{"line":37,"column":18},"end":{"line":37,"column":20}},"7":{"start":{"line":38,"column":8},"end":{"line":41,"column":9}},"8":{"start":{"line":39,"column":12},"end":{"line":39,"column":38}},"9":{"start":{"line":40,"column":12},"end":{"line":40,"column":29}},"10":{"start":{"line":42,"column":8},"end":{"line":42,"column":18}},"11":{"start":{"line":49,"column":8},"end":{"line":49,"column":32}},"12":{"start":{"line":57,"column":8},"end":{"line":57,"column":32}},"13":{"start":{"line":64,"column":8},"end":{"line":66,"column":9}},"14":{"start":{"line":65,"column":12},"end":{"line":65,"column":35}},"15":{"start":{"line":74,"column":8},"end":{"line":88,"column":10}},"16":{"start":{"line":96,"column":8},"end":{"line":110,"column":10}},"17":{"start":{"line":117,"column":27},"end":{"line":117,"column":57}},"18":{"start":{"line":118,"column":27},"end":{"line":118,"column":57}},"19":{"start":{"line":119,"column":34},"end":{"line":119,"column":71}},"20":{"start":{"line":120,"column":34},"end":{"line":120,"column":71}},"21":{"start":{"line":121,"column":31},"end":{"line":121,"column":65}},"22":{"start":{"line":122,"column":31},"end":{"line":122,"column":65}},"23":{"start":{"line":123,"column":27},"end":{"line":123,"column":57}},"24":{"start":{"line":124,"column":27},"end":{"line":124,"column":55}},"25":{"start":{"line":125,"column":24},"end":{"line":132,"column":10}},"26":{"start":{"line":133,"column":23},"end":{"line":133,"column":54}},"27":{"start":{"line":134,"column":8},"end":{"line":134,"column":37}},"28":{"start":{"line":135,"column":8},"end":{"line":135,"column":28}}},"fnMap":{"0":{"name":"(anonymous_0)","decl":{"start":{"line":7,"column":4},"end":{"line":7,"column":5}},"loc":{"start":{"line":7,"column":30},"end":{"line":11,"column":5}},"line":7},"1":{"name":"(anonymous_1)","decl":{"start":{"line":18,"column":4},"end":{"line":18,"column":5}},"loc":{"start":{"line":18,"column":20},"end":{"line":21,"column":5}},"line":18},"2":{"name":"(anonymous_2)","decl":{"start":{"line":27,"column":4},"end":{"line":27,"column":5}},"loc":{"start":{"line":27,"column":15},"end":{"line":29,"column":5}},"line":27},"3":{"name":"(anonymous_3)","decl":{"start":{"line":36,"column":4},"end":{"line":36,"column":5}},"loc":{"start":{"line":36,"column":31},"end":{"line":43,"column":5}},"line":36},"4":{"name":"(anonymous_4)","decl":{"start":{"line":48,"column":4},"end":{"line":48,"column":5}},"loc":{"start":{"line":48,"column":30},"end":{"line":50,"column":5}},"line":48},"5":{"name":"(anonymous_5)","decl":{"start":{"line":56,"column":4},"end":{"line":56,"column":5}},"loc":{"start":{"line":56,"column":30},"end":{"line":58,"column":5}},"line":56},"6":{"name":"(anonymous_6)","decl":{"start":{"line":63,"column":4},"end":{"line":63,"column":5}},"loc":{"start":{"line":63,"column":20},"end":{"line":67,"column":5}},"line":63},"7":{"name":"(anonymous_7)","decl":{"start":{"line":73,"column":4},"end":{"line":73,"column":5}},"loc":{"start":{"line":73,"column":22},"end":{"line":89,"column":5}},"line":73},"8":{"name":"(anonymous_8)","decl":{"start":{"line":95,"column":4},"end":{"line":95,"column":5}},"loc":{"start":{"line":95,"column":22},"end":{"line":111,"column":5}},"line":95},"9":{"name":"(anonymous_9)","decl":{"start":{"line":116,"column":4},"end":{"line":116,"column":5}},"loc":{"start":{"line":116,"column":18},"end":{"line":136,"column":5}},"line":116}},"branchMap":{"0":{"loc":{"start":{"line":38,"column":8},"end":{"line":41,"column":9}},"type":"if","locations":[{"start":{"line":38,"column":8},"end":{"line":41,"column":9}},{"start":{"line":38,"column":8},"end":{"line":41,"column":9}}],"line":38},"1":{"loc":{"start":{"line":38,"column":12},"end":{"line":38,"column":45}},"type":"binary-expr","locations":[{"start":{"line":38,"column":12},"end":{"line":38,"column":21}},{"start":{"line":38,"column":25},"end":{"line":38,"column":45}}],"line":38},"2":{"loc":{"start":{"line":64,"column":8},"end":{"line":66,"column":9}},"type":"if","locations":[{"start":{"line":64,"column":8},"end":{"line":66,"column":9}},{"start":{"line":64,"column":8},"end":{"line":66,"column":9}}],"line":64}},"s":{"0":0,"1":0,"2":0,"3":0,"4":0,"5":0,"6":0,"7":0,"8":0,"9":0,"10":0,"11":0,"12":0,"13":0,"14":0,"15":0,"16":0,"17":0,"18":0,"19":0,"20":0,"21":0,"22":0,"23":0,"24":0,"25":0,"26":0,"27":0,"28":0},"f":{"0":0,"1":0,"2":0,"3":0,"4":0,"5":0,"6":0,"7":0,"8":0,"9":0},"b":{"0":[0,0],"1":[0,0],"2":[0,0]},"_coverageSchema":"332fd63041d2c1bcb487cc26dd0d5f7d97098a6c","hash":"7835166cf103332d21a63ac704ec721e2014d8ea"}
,"/opt/processmaker/resources/assets/js/designer/diagram/flow/MessageFlow.js": {"path":"/opt/processmaker/resources/assets/js/designer/diagram/flow/MessageFlow.js","statementMap":{"0":{"start":{"line":8,"column":8},"end":{"line":8,"column":27}},"1":{"start":{"line":9,"column":8},"end":{"line":9,"column":26}},"2":{"start":{"line":10,"column":8},"end":{"line":10,"column":26}},"3":{"start":{"line":11,"column":8},"end":{"line":11,"column":25}},"4":{"start":{"line":12,"column":8},"end":{"line":12,"column":30}},"5":{"start":{"line":19,"column":8},"end":{"line":19,"column":53}},"6":{"start":{"line":20,"column":8},"end":{"line":20,"column":73}},"7":{"start":{"line":21,"column":8},"end":{"line":21,"column":57}},"8":{"start":{"line":22,"column":8},"end":{"line":22,"column":57}},"9":{"start":{"line":23,"column":8},"end":{"line":23,"column":56}},"10":{"start":{"line":24,"column":8},"end":{"line":26,"column":10}},"11":{"start":{"line":27,"column":8},"end":{"line":27,"column":36}},"12":{"start":{"line":28,"column":8},"end":{"line":28,"column":26}}},"fnMap":{"0":{"name":"(anonymous_0)","decl":{"start":{"line":7,"column":4},"end":{"line":7,"column":5}},"loc":{"start":{"line":7,"column":39},"end":{"line":13,"column":5}},"line":7},"1":{"name":"(anonymous_1)","decl":{"start":{"line":18,"column":4},"end":{"line":18,"column":5}},"loc":{"start":{"line":18,"column":13},"end":{"line":29,"column":5}},"line":18}},"branchMap":{},"s":{"0":0,"1":0,"2":0,"3":0,"4":0,"5":0,"6":0,"7":0,"8":0,"9":0,"10":0,"11":0,"12":0},"f":{"0":0,"1":0},"b":{},"_coverageSchema":"332fd63041d2c1bcb487cc26dd0d5f7d97098a6c","hash":"659d36163889d55989d17083a57eb482ac7d34aa"}
,"/opt/processmaker/resources/assets/js/designer/diagram/flow/SequenceFlow.js": {"path":"/opt/processmaker/resources/assets/js/designer/diagram/flow/SequenceFlow.js","statementMap":{"0":{"start":{"line":8,"column":8},"end":{"line":8,"column":27}},"1":{"start":{"line":9,"column":8},"end":{"line":9,"column":26}},"2":{"start":{"line":10,"column":8},"end":{"line":10,"column":26}},"3":{"start":{"line":11,"column":8},"end":{"line":11,"column":25}},"4":{"start":{"line":12,"column":8},"end":{"line":12,"column":30}},"5":{"start":{"line":19,"column":8},"end":{"line":19,"column":53}},"6":{"start":{"line":20,"column":8},"end":{"line":20,"column":73}},"7":{"start":{"line":21,"column":8},"end":{"line":21,"column":43}},"8":{"start":{"line":22,"column":8},"end":{"line":22,"column":43}},"9":{"start":{"line":23,"column":8},"end":{"line":25,"column":10}},"10":{"start":{"line":26,"column":8},"end":{"line":26,"column":36}},"11":{"start":{"line":27,"column":8},"end":{"line":27,"column":26}}},"fnMap":{"0":{"name":"(anonymous_0)","decl":{"start":{"line":7,"column":4},"end":{"line":7,"column":5}},"loc":{"start":{"line":7,"column":39},"end":{"line":13,"column":5}},"line":7},"1":{"name":"(anonymous_1)","decl":{"start":{"line":18,"column":4},"end":{"line":18,"column":5}},"loc":{"start":{"line":18,"column":13},"end":{"line":28,"column":5}},"line":18}},"branchMap":{},"s":{"0":0,"1":0,"2":0,"3":0,"4":0,"5":0,"6":0,"7":0,"8":0,"9":0,"10":0,"11":0},"f":{"0":0,"1":0},"b":{},"_coverageSchema":"332fd63041d2c1bcb487cc26dd0d5f7d97098a6c","hash":"01fadcd990a31cc56372b0732ac2d18906084540"}
,"/opt/processmaker/resources/assets/js/designer/diagram/gateways/ExclusiveGateway.js": {"path":"/opt/processmaker/resources/assets/js/designer/diagram/gateways/ExclusiveGateway.js","statementMap":{"0":{"start":{"line":8,"column":8},"end":{"line":8,"column":27}},"1":{"start":{"line":9,"column":8},"end":{"line":18,"column":9}},"2":{"start":{"line":19,"column":8},"end":{"line":19,"column":28}},"3":{"start":{"line":20,"column":8},"end":{"line":20,"column":41}},"4":{"start":{"line":27,"column":8},"end":{"line":27,"column":58}},"5":{"start":{"line":28,"column":8},"end":{"line":28,"column":73}},"6":{"start":{"line":29,"column":8},"end":{"line":29,"column":80}},"7":{"start":{"line":30,"column":8},"end":{"line":30,"column":36}}},"fnMap":{"0":{"name":"(anonymous_0)","decl":{"start":{"line":7,"column":4},"end":{"line":7,"column":5}},"loc":{"start":{"line":7,"column":39},"end":{"line":21,"column":5}},"line":7},"1":{"name":"(anonymous_1)","decl":{"start":{"line":26,"column":4},"end":{"line":26,"column":5}},"loc":{"start":{"line":26,"column":13},"end":{"line":31,"column":5}},"line":26}},"branchMap":{},"s":{"0":0,"1":0,"2":0,"3":0,"4":0,"5":0,"6":0,"7":0},"f":{"0":0,"1":0},"b":{},"_coverageSchema":"332fd63041d2c1bcb487cc26dd0d5f7d97098a6c","hash":"ff362fd5c177db468a717e3ce2e2322910b03b6d"}
,"/opt/processmaker/resources/assets/js/designer/diagram/gateways/InclusiveGateway.js": {"path":"/opt/processmaker/resources/assets/js/designer/diagram/gateways/InclusiveGateway.js","statementMap":{"0":{"start":{"line":8,"column":8},"end":{"line":8,"column":27}},"1":{"start":{"line":9,"column":8},"end":{"line":18,"column":9}},"2":{"start":{"line":19,"column":8},"end":{"line":19,"column":28}},"3":{"start":{"line":20,"column":8},"end":{"line":20,"column":41}},"4":{"start":{"line":27,"column":8},"end":{"line":27,"column":58}},"5":{"start":{"line":28,"column":8},"end":{"line":28,"column":73}},"6":{"start":{"line":29,"column":8},"end":{"line":29,"column":80}},"7":{"start":{"line":30,"column":8},"end":{"line":30,"column":36}}},"fnMap":{"0":{"name":"(anonymous_0)","decl":{"start":{"line":7,"column":4},"end":{"line":7,"column":5}},"loc":{"start":{"line":7,"column":39},"end":{"line":21,"column":5}},"line":7},"1":{"name":"(anonymous_1)","decl":{"start":{"line":26,"column":4},"end":{"line":26,"column":5}},"loc":{"start":{"line":26,"column":13},"end":{"line":31,"column":5}},"line":26}},"branchMap":{},"s":{"0":0,"1":0,"2":0,"3":0,"4":0,"5":0,"6":0,"7":0},"f":{"0":0,"1":0},"b":{},"_coverageSchema":"332fd63041d2c1bcb487cc26dd0d5f7d97098a6c","hash":"72b543f176268933dacdc85a1edb836821fc7074"}
,"/opt/processmaker/resources/assets/js/designer/diagram/gateways/ParallelGateway.js": {"path":"/opt/processmaker/resources/assets/js/designer/diagram/gateways/ParallelGateway.js","statementMap":{"0":{"start":{"line":8,"column":8},"end":{"line":8,"column":27}},"1":{"start":{"line":9,"column":8},"end":{"line":18,"column":9}},"2":{"start":{"line":19,"column":8},"end":{"line":19,"column":28}},"3":{"start":{"line":20,"column":8},"end":{"line":20,"column":41}},"4":{"start":{"line":27,"column":8},"end":{"line":27,"column":57}},"5":{"start":{"line":28,"column":8},"end":{"line":28,"column":73}},"6":{"start":{"line":29,"column":8},"end":{"line":29,"column":80}},"7":{"start":{"line":30,"column":8},"end":{"line":30,"column":36}}},"fnMap":{"0":{"name":"(anonymous_0)","decl":{"start":{"line":7,"column":4},"end":{"line":7,"column":5}},"loc":{"start":{"line":7,"column":39},"end":{"line":21,"column":5}},"line":7},"1":{"name":"(anonymous_1)","decl":{"start":{"line":26,"column":4},"end":{"line":26,"column":5}},"loc":{"start":{"line":26,"column":13},"end":{"line":31,"column":5}},"line":26}},"branchMap":{},"s":{"0":0,"1":0,"2":0,"3":0,"4":0,"5":0,"6":0,"7":0},"f":{"0":0,"1":0},"b":{},"_coverageSchema":"332fd63041d2c1bcb487cc26dd0d5f7d97098a6c","hash":"c3cea83b025a8c88144bf2a0a420c34d3d2e92d1"}
,"/opt/processmaker/resources/assets/js/designer/diagram/jointElements/BlackBoxPool.js": {"path":"/opt/processmaker/resources/assets/js/designer/diagram/jointElements/BlackBoxPool.js","statementMap":{"0":{"start":{"line":2,"column":28},"end":{"line":29,"column":6}}},"fnMap":{},"branchMap":{},"s":{"0":6},"f":{},"b":{},"_coverageSchema":"332fd63041d2c1bcb487cc26dd0d5f7d97098a6c","hash":"2fde003497fa28352adca3908ab4743845dfc2cc"}
,"/opt/processmaker/resources/assets/js/designer/diagram/jointElements/DataObject.js": {"path":"/opt/processmaker/resources/assets/js/designer/diagram/jointElements/DataObject.js","statementMap":{"0":{"start":{"line":2,"column":26},"end":{"line":26,"column":6}}},"fnMap":{},"branchMap":{},"s":{"0":6},"f":{},"b":{},"_coverageSchema":"332fd63041d2c1bcb487cc26dd0d5f7d97098a6c","hash":"fa5bd819b9aa53006e253695386b8f38110974c5"}
,"/opt/processmaker/resources/assets/js/designer/diagram/jointElements/DataStore.js": {"path":"/opt/processmaker/resources/assets/js/designer/diagram/jointElements/DataStore.js","statementMap":{"0":{"start":{"line":2,"column":25},"end":{"line":26,"column":6}}},"fnMap":{},"branchMap":{},"s":{"0":6},"f":{},"b":{},"_coverageSchema":"332fd63041d2c1bcb487cc26dd0d5f7d97098a6c","hash":"785be85211f3adc050ffcbb7bf0077647beda5f6"}
,"/opt/processmaker/resources/assets/js/designer/diagram/jointElements/EndEmailEvent.js": {"path":"/opt/processmaker/resources/assets/js/designer/diagram/jointElements/EndEmailEvent.js","statementMap":{"0":{"start":{"line":2,"column":29},"end":{"line":29,"column":6}}},"fnMap":{},"branchMap":{},"s":{"0":6},"f":{},"b":{},"_coverageSchema":"332fd63041d2c1bcb487cc26dd0d5f7d97098a6c","hash":"53ab296cf29be7a6439e2098e8556a0cf0509a59"}
,"/opt/processmaker/resources/assets/js/designer/diagram/jointElements/EndEvent.js": {"path":"/opt/processmaker/resources/assets/js/designer/diagram/jointElements/EndEvent.js","statementMap":{"0":{"start":{"line":2,"column":24},"end":{"line":19,"column":6}}},"fnMap":{},"branchMap":{},"s":{"0":6},"f":{},"b":{},"_coverageSchema":"332fd63041d2c1bcb487cc26dd0d5f7d97098a6c","hash":"dc4115a1e2568bc7d8e0277727458550fa79b1d7"}
,"/opt/processmaker/resources/assets/js/designer/diagram/jointElements/ExclusiveGateway.js": {"path":"/opt/processmaker/resources/assets/js/designer/diagram/jointElements/ExclusiveGateway.js","statementMap":{"0":{"start":{"line":2,"column":32},"end":{"line":27,"column":6}}},"fnMap":{},"branchMap":{},"s":{"0":6},"f":{},"b":{},"_coverageSchema":"332fd63041d2c1bcb487cc26dd0d5f7d97098a6c","hash":"b0d88815bb171735f7930f26d8a7c8ccb7ebb3f8"}
,"/opt/processmaker/resources/assets/js/designer/diagram/jointElements/Group.js": {"path":"/opt/processmaker/resources/assets/js/designer/diagram/jointElements/Group.js","statementMap":{"0":{"start":{"line":2,"column":21},"end":{"line":21,"column":6}}},"fnMap":{},"branchMap":{},"s":{"0":6},"f":{},"b":{},"_coverageSchema":"332fd63041d2c1bcb487cc26dd0d5f7d97098a6c","hash":"fe61f63c72ea9a5d4ba64bac4d067f19a3b723c5"}
,"/opt/processmaker/resources/assets/js/designer/diagram/jointElements/InclusiveGateway.js": {"path":"/opt/processmaker/resources/assets/js/designer/diagram/jointElements/InclusiveGateway.js","statementMap":{"0":{"start":{"line":2,"column":32},"end":{"line":28,"column":6}}},"fnMap":{},"branchMap":{},"s":{"0":6},"f":{},"b":{},"_coverageSchema":"332fd63041d2c1bcb487cc26dd0d5f7d97098a6c","hash":"e0499b1b5487ee48eec5cfe5c9f5344c04fee09d"}
,"/opt/processmaker/resources/assets/js/designer/diagram/jointElements/IntermediateCatchEvent.js": {"path":"/opt/processmaker/resources/assets/js/designer/diagram/jointElements/IntermediateCatchEvent.js","statementMap":{"0":{"start":{"line":2,"column":38},"end":{"line":40,"column":6}}},"fnMap":{},"branchMap":{},"s":{"0":6},"f":{},"b":{},"_coverageSchema":"332fd63041d2c1bcb487cc26dd0d5f7d97098a6c","hash":"e139787410933aefd3b519698be3618600b99c4b"}
,"/opt/processmaker/resources/assets/js/designer/diagram/jointElements/Lane.js": {"path":"/opt/processmaker/resources/assets/js/designer/diagram/jointElements/Lane.js","statementMap":{"0":{"start":{"line":2,"column":20},"end":{"line":19,"column":6}}},"fnMap":{},"branchMap":{},"s":{"0":6},"f":{},"b":{},"_coverageSchema":"332fd63041d2c1bcb487cc26dd0d5f7d97098a6c","hash":"52e2989d1d72675b983b8583722b4f4def26ff31"}
,"/opt/processmaker/resources/assets/js/designer/diagram/jointElements/MessageEventDefinition.js": {"path":"/opt/processmaker/resources/assets/js/designer/diagram/jointElements/MessageEventDefinition.js","statementMap":{"0":{"start":{"line":2,"column":38},"end":{"line":40,"column":6}}},"fnMap":{},"branchMap":{},"s":{"0":6},"f":{},"b":{},"_coverageSchema":"332fd63041d2c1bcb487cc26dd0d5f7d97098a6c","hash":"35b342a9587a9c828f89d36c256f25d79554708f"}
,"/opt/processmaker/resources/assets/js/designer/diagram/jointElements/ParallelGateway.js": {"path":"/opt/processmaker/resources/assets/js/designer/diagram/jointElements/ParallelGateway.js","statementMap":{"0":{"start":{"line":2,"column":31},"end":{"line":27,"column":6}}},"fnMap":{},"branchMap":{},"s":{"0":6},"f":{},"b":{},"_coverageSchema":"332fd63041d2c1bcb487cc26dd0d5f7d97098a6c","hash":"5ffed70e5b92e18f81ad0d89f173d7ef440bac08"}
,"/opt/processmaker/resources/assets/js/designer/diagram/jointElements/Participant.js": {"path":"/opt/processmaker/resources/assets/js/designer/diagram/jointElements/Participant.js","statementMap":{"0":{"start":{"line":2,"column":27},"end":{"line":28,"column":6}}},"fnMap":{},"branchMap":{},"s":{"0":6},"f":{},"b":{},"_coverageSchema":"332fd63041d2c1bcb487cc26dd0d5f7d97098a6c","hash":"5bce9eb01ff8476baca672387a2271653bb7a839"}
,"/opt/processmaker/resources/assets/js/designer/diagram/jointElements/StartEvent.js": {"path":"/opt/processmaker/resources/assets/js/designer/diagram/jointElements/StartEvent.js","statementMap":{"0":{"start":{"line":2,"column":26},"end":{"line":19,"column":6}}},"fnMap":{},"branchMap":{},"s":{"0":6},"f":{},"b":{},"_coverageSchema":"332fd63041d2c1bcb487cc26dd0d5f7d97098a6c","hash":"e4bb1726c1df5bceba66815f962e13587393318e"}
,"/opt/processmaker/resources/assets/js/designer/diagram/jointElements/SubProcess.js": {"path":"/opt/processmaker/resources/assets/js/designer/diagram/jointElements/SubProcess.js","statementMap":{"0":{"start":{"line":2,"column":26},"end":{"line":45,"column":6}}},"fnMap":{},"branchMap":{},"s":{"0":6},"f":{},"b":{},"_coverageSchema":"332fd63041d2c1bcb487cc26dd0d5f7d97098a6c","hash":"be672d49b33927df4514efec87940256d88ae132"}
,"/opt/processmaker/resources/assets/js/designer/diagram/jointElements/Task.js": {"path":"/opt/processmaker/resources/assets/js/designer/diagram/jointElements/Task.js","statementMap":{"0":{"start":{"line":2,"column":20},"end":{"line":19,"column":6}}},"fnMap":{},"branchMap":{},"s":{"0":6},"f":{},"b":{},"_coverageSchema":"332fd63041d2c1bcb487cc26dd0d5f7d97098a6c","hash":"80cfbfeb0b9d8e8e3f14a1e1776ea6fa8caa0850"}
,"/opt/processmaker/resources/assets/js/designer/diagram/jointElements/TimerEventDefinition.js": {"path":"/opt/processmaker/resources/assets/js/designer/diagram/jointElements/TimerEventDefinition.js","statementMap":{"0":{"start":{"line":2,"column":36},"end":{"line":40,"column":6}}},"fnMap":{},"branchMap":{},"s":{"0":6},"f":{},"b":{},"_coverageSchema":"332fd63041d2c1bcb487cc26dd0d5f7d97098a6c","hash":"31e94dbf15ef16cee3534363b93bda2e6d21cc32"}
,"/opt/processmaker/resources/assets/js/designer/diagram/jointElements/index.js": {"path":"/opt/processmaker/resources/assets/js/designer/diagram/jointElements/index.js","statementMap":{"0":{"start":{"line":19,"column":29},"end":{"line":37,"column":2}}},"fnMap":{},"branchMap":{},"s":{"0":6},"f":{},"b":{},"_coverageSchema":"332fd63041d2c1bcb487cc26dd0d5f7d97098a6c","hash":"4d01d0ee06baa4d413a61671d3bc1f4e0a0e6feb"}
,"/opt/processmaker/resources/assets/js/designer/diagram/swimLanes/BlackBoxPool.js": {"path":"/opt/processmaker/resources/assets/js/designer/diagram/swimLanes/BlackBoxPool.js","statementMap":{"0":{"start":{"line":8,"column":8},"end":{"line":8,"column":27}},"1":{"start":{"line":9,"column":8},"end":{"line":15,"column":9}},"2":{"start":{"line":16,"column":8},"end":{"line":16,"column":28}},"3":{"start":{"line":23,"column":8},"end":{"line":23,"column":54}},"4":{"start":{"line":24,"column":8},"end":{"line":24,"column":60}},"5":{"start":{"line":25,"column":8},"end":{"line":25,"column":67}},"6":{"start":{"line":26,"column":8},"end":{"line":26,"column":37}}},"fnMap":{"0":{"name":"(anonymous_0)","decl":{"start":{"line":7,"column":4},"end":{"line":7,"column":5}},"loc":{"start":{"line":7,"column":39},"end":{"line":17,"column":5}},"line":7},"1":{"name":"(anonymous_1)","decl":{"start":{"line":22,"column":4},"end":{"line":22,"column":5}},"loc":{"start":{"line":22,"column":13},"end":{"line":27,"column":5}},"line":22}},"branchMap":{},"s":{"0":0,"1":0,"2":0,"3":0,"4":0,"5":0,"6":0},"f":{"0":0,"1":0},"b":{},"_coverageSchema":"332fd63041d2c1bcb487cc26dd0d5f7d97098a6c","hash":"e6328c546472a9a25fc78bc24e6f08118e8557e6"}
,"/opt/processmaker/resources/assets/js/designer/diagram/swimLanes/Lane.js": {"path":"/opt/processmaker/resources/assets/js/designer/diagram/swimLanes/Lane.js","statementMap":{"0":{"start":{"line":8,"column":8},"end":{"line":8,"column":27}},"1":{"start":{"line":9,"column":8},"end":{"line":9,"column":31}},"2":{"start":{"line":10,"column":8},"end":{"line":10,"column":26}},"3":{"start":{"line":11,"column":8},"end":{"line":17,"column":9}},"4":{"start":{"line":18,"column":8},"end":{"line":18,"column":30}},"5":{"start":{"line":19,"column":8},"end":{"line":19,"column":28}},"6":{"start":{"line":26,"column":8},"end":{"line":26,"column":46}},"7":{"start":{"line":27,"column":8},"end":{"line":27,"column":60}},"8":{"start":{"line":28,"column":8},"end":{"line":28,"column":67}},"9":{"start":{"line":29,"column":8},"end":{"line":29,"column":37}}},"fnMap":{"0":{"name":"(anonymous_0)","decl":{"start":{"line":7,"column":4},"end":{"line":7,"column":5}},"loc":{"start":{"line":7,"column":47},"end":{"line":20,"column":5}},"line":7},"1":{"name":"(anonymous_1)","decl":{"start":{"line":25,"column":4},"end":{"line":25,"column":5}},"loc":{"start":{"line":25,"column":13},"end":{"line":30,"column":5}},"line":25}},"branchMap":{},"s":{"0":0,"1":0,"2":0,"3":0,"4":0,"5":0,"6":0,"7":0,"8":0,"9":0},"f":{"0":0,"1":0},"b":{},"_coverageSchema":"332fd63041d2c1bcb487cc26dd0d5f7d97098a6c","hash":"cf1b8d4a505f08612702b0e2c6e828a040fb8084"}
,"/opt/processmaker/resources/assets/js/designer/diagram/swimLanes/Participant.js": {"path":"/opt/processmaker/resources/assets/js/designer/diagram/swimLanes/Participant.js","statementMap":{"0":{"start":{"line":9,"column":8},"end":{"line":9,"column":27}},"1":{"start":{"line":10,"column":8},"end":{"line":10,"column":23}},"2":{"start":{"line":11,"column":8},"end":{"line":11,"column":33}},"3":{"start":{"line":12,"column":8},"end":{"line":18,"column":9}},"4":{"start":{"line":19,"column":8},"end":{"line":19,"column":28}},"5":{"start":{"line":20,"column":8},"end":{"line":20,"column":45}},"6":{"start":{"line":27,"column":8},"end":{"line":27,"column":53}},"7":{"start":{"line":28,"column":8},"end":{"line":28,"column":60}},"8":{"start":{"line":29,"column":8},"end":{"line":29,"column":67}},"9":{"start":{"line":30,"column":8},"end":{"line":30,"column":37}},"10":{"start":{"line":31,"column":19},"end":{"line":31,"column":35}},"11":{"start":{"line":32,"column":8},"end":{"line":32,"column":21}},"12":{"start":{"line":33,"column":8},"end":{"line":33,"column":36}},"13":{"start":{"line":41,"column":17},"end":{"line":41,"column":19}},"14":{"start":{"line":42,"column":19},"end":{"line":48,"column":10}},"15":{"start":{"line":49,"column":8},"end":{"line":49,"column":19}},"16":{"start":{"line":57,"column":19},"end":{"line":66,"column":9}},"17":{"start":{"line":67,"column":8},"end":{"line":67,"column":29}},"18":{"start":{"line":68,"column":8},"end":{"line":68,"column":19}},"19":{"start":{"line":76,"column":8},"end":{"line":76,"column":46}},"20":{"start":{"line":77,"column":8},"end":{"line":77,"column":66}},"21":{"start":{"line":78,"column":17},"end":{"line":78,"column":19}},"22":{"start":{"line":79,"column":19},"end":{"line":84,"column":10}},"23":{"start":{"line":85,"column":8},"end":{"line":85,"column":21}},"24":{"start":{"line":86,"column":8},"end":{"line":86,"column":36}},"25":{"start":{"line":87,"column":8},"end":{"line":87,"column":19}}},"fnMap":{"0":{"name":"(anonymous_0)","decl":{"start":{"line":8,"column":4},"end":{"line":8,"column":5}},"loc":{"start":{"line":8,"column":39},"end":{"line":21,"column":5}},"line":8},"1":{"name":"(anonymous_1)","decl":{"start":{"line":26,"column":4},"end":{"line":26,"column":5}},"loc":{"start":{"line":26,"column":13},"end":{"line":34,"column":5}},"line":26},"2":{"name":"(anonymous_2)","decl":{"start":{"line":40,"column":4},"end":{"line":40,"column":5}},"loc":{"start":{"line":40,"column":16},"end":{"line":50,"column":5}},"line":40},"3":{"name":"(anonymous_3)","decl":{"start":{"line":56,"column":4},"end":{"line":56,"column":5}},"loc":{"start":{"line":56,"column":29},"end":{"line":69,"column":5}},"line":56},"4":{"name":"(anonymous_4)","decl":{"start":{"line":75,"column":4},"end":{"line":75,"column":5}},"loc":{"start":{"line":75,"column":17},"end":{"line":88,"column":5}},"line":75},"5":{"name":"(anonymous_5)","decl":{"start":{"line":93,"column":4},"end":{"line":93,"column":5}},"loc":{"start":{"line":93,"column":16},"end":{"line":95,"column":5}},"line":93}},"branchMap":{},"s":{"0":0,"1":0,"2":0,"3":0,"4":0,"5":0,"6":0,"7":0,"8":0,"9":0,"10":0,"11":0,"12":0,"13":0,"14":0,"15":0,"16":0,"17":0,"18":0,"19":0,"20":0,"21":0,"22":0,"23":0,"24":0,"25":0},"f":{"0":0,"1":0,"2":0,"3":0,"4":0,"5":0},"b":{},"_coverageSchema":"332fd63041d2c1bcb487cc26dd0d5f7d97098a6c","hash":"5be32fa6feb084776a0124b4a09eb53315d781b0"}
,"/opt/processmaker/resources/assets/js/designer/diagram/tasks/CallActivity.js": {"path":"/opt/processmaker/resources/assets/js/designer/diagram/tasks/CallActivity.js","statementMap":{"0":{"start":{"line":8,"column":8},"end":{"line":8,"column":27}},"1":{"start":{"line":9,"column":8},"end":{"line":18,"column":9}},"2":{"start":{"line":19,"column":8},"end":{"line":19,"column":28}},"3":{"start":{"line":20,"column":8},"end":{"line":20,"column":41}},"4":{"start":{"line":27,"column":8},"end":{"line":27,"column":52}},"5":{"start":{"line":28,"column":8},"end":{"line":28,"column":73}},"6":{"start":{"line":29,"column":8},"end":{"line":29,"column":80}},"7":{"start":{"line":30,"column":8},"end":{"line":30,"column":36}}},"fnMap":{"0":{"name":"(anonymous_0)","decl":{"start":{"line":7,"column":4},"end":{"line":7,"column":5}},"loc":{"start":{"line":7,"column":39},"end":{"line":21,"column":5}},"line":7},"1":{"name":"(anonymous_1)","decl":{"start":{"line":26,"column":4},"end":{"line":26,"column":5}},"loc":{"start":{"line":26,"column":13},"end":{"line":31,"column":5}},"line":26}},"branchMap":{},"s":{"0":0,"1":0,"2":0,"3":0,"4":0,"5":0,"6":0,"7":0},"f":{"0":0,"1":0},"b":{},"_coverageSchema":"332fd63041d2c1bcb487cc26dd0d5f7d97098a6c","hash":"b74ef4d35876038d756adcdf4374e6c68b19f86d"}
,"/opt/processmaker/resources/assets/js/designer/diagram/tasks/ScriptTask.js": {"path":"/opt/processmaker/resources/assets/js/designer/diagram/tasks/ScriptTask.js","statementMap":{"0":{"start":{"line":8,"column":8},"end":{"line":8,"column":36}}},"fnMap":{"0":{"name":"(anonymous_0)","decl":{"start":{"line":7,"column":4},"end":{"line":7,"column":5}},"loc":{"start":{"line":7,"column":39},"end":{"line":9,"column":5}},"line":7}},"branchMap":{},"s":{"0":0},"f":{"0":0},"b":{},"_coverageSchema":"332fd63041d2c1bcb487cc26dd0d5f7d97098a6c","hash":"35a629c1dcb19b146efc1a5554f624c0b89a4884"}
,"/opt/processmaker/resources/assets/js/designer/diagram/tasks/ServiceTask.js": {"path":"/opt/processmaker/resources/assets/js/designer/diagram/tasks/ServiceTask.js","statementMap":{"0":{"start":{"line":8,"column":8},"end":{"line":8,"column":36}}},"fnMap":{"0":{"name":"(anonymous_0)","decl":{"start":{"line":7,"column":4},"end":{"line":7,"column":5}},"loc":{"start":{"line":7,"column":39},"end":{"line":9,"column":5}},"line":7}},"branchMap":{},"s":{"0":0},"f":{"0":0},"b":{},"_coverageSchema":"332fd63041d2c1bcb487cc26dd0d5f7d97098a6c","hash":"b903a349ebc1dfd226991cddf344f0609c6957fa"}
,"/opt/processmaker/resources/assets/js/designer/diagram/tasks/Task.js": {"path":"/opt/processmaker/resources/assets/js/designer/diagram/tasks/Task.js","statementMap":{"0":{"start":{"line":8,"column":8},"end":{"line":8,"column":27}},"1":{"start":{"line":9,"column":8},"end":{"line":18,"column":9}},"2":{"start":{"line":19,"column":8},"end":{"line":19,"column":28}},"3":{"start":{"line":20,"column":8},"end":{"line":20,"column":41}},"4":{"start":{"line":27,"column":8},"end":{"line":27,"column":46}},"5":{"start":{"line":28,"column":8},"end":{"line":28,"column":73}},"6":{"start":{"line":29,"column":8},"end":{"line":29,"column":80}},"7":{"start":{"line":30,"column":8},"end":{"line":30,"column":36}}},"fnMap":{"0":{"name":"(anonymous_0)","decl":{"start":{"line":7,"column":4},"end":{"line":7,"column":5}},"loc":{"start":{"line":7,"column":39},"end":{"line":21,"column":5}},"line":7},"1":{"name":"(anonymous_1)","decl":{"start":{"line":26,"column":4},"end":{"line":26,"column":5}},"loc":{"start":{"line":26,"column":13},"end":{"line":31,"column":5}},"line":26}},"branchMap":{},"s":{"0":0,"1":0,"2":0,"3":0,"4":0,"5":0,"6":0,"7":0},"f":{"0":0,"1":0},"b":{},"_coverageSchema":"332fd63041d2c1bcb487cc26dd0d5f7d97098a6c","hash":"d96492dff2e73adaf4148a0e41e48a36f89ecb41"}
,"/opt/processmaker/resources/assets/js/designer/lib/event-bus.js": {"path":"/opt/processmaker/resources/assets/js/designer/lib/event-bus.js","statementMap":{"0":{"start":{"line":8,"column":17},"end":{"line":8,"column":26}}},"fnMap":{},"branchMap":{},"s":{"0":9},"f":{},"b":{},"_coverageSchema":"332fd63041d2c1bcb487cc26dd0d5f7d97098a6c","hash":"444eb34be610bd914e38c4b2301aa2896c7fc192"}
}
