TN:
SF:/opt/processmaker/jest/globals.js
FN:1,(anonymous_0)
FN:5,(anonymous_1)
FNF:2
FNH:0
FNDA:0,(anonymous_0)
FNDA:0,(anonymous_1)
DA:1,3
DA:2,0
DA:5,3
DA:6,0
DA:9,3
DA:10,3
LF:6
LH:4
BRF:0
BRH:0
end_of_record
TN:
SF:/opt/processmaker/resources/assets/js/components/FilterBar.vue
FNF:0
FNH:0
DA:15,3
DA:21,2
DA:22,1
DA:23,1
LF:4
LH:4
BRDA:21,0,0,1
BRDA:21,0,1,1
BRF:2
BRH:2
end_of_record
TN:
SF:/opt/processmaker/resources/assets/js/designer/actions/designer.js
FN:6,(anonymous_0)
FN:7,(anonymous_1)
FN:10,(anonymous_2)
FN:11,(anonymous_3)
FN:15,(anonymous_4)
FN:16,(anonymous_5)
FN:17,(anonymous_6)
FN:20,(anonymous_7)
FN:21,(anonymous_8)
FN:24,(anonymous_9)
FN:25,(anonymous_10)
FN:26,(anonymous_11)
FN:29,(anonymous_12)
FN:32,(anonymous_13)
FNF:14
FNH:10
FNDA:1,(anonymous_0)
FNDA:1,(anonymous_1)
FNDA:1,(anonymous_2)
FNDA:1,(anonymous_3)
FNDA:1,(anonymous_4)
FNDA:1,(anonymous_5)
FNDA:1,(anonymous_6)
FNDA:4,(anonymous_7)
FNDA:4,(anonymous_8)
FNDA:2,(anonymous_9)
FNDA:0,(anonymous_10)
FNDA:0,(anonymous_11)
FNDA:0,(anonymous_12)
FNDA:0,(anonymous_13)
DA:2,2
DA:6,1
DA:7,1
DA:10,1
DA:11,1
DA:15,1
DA:16,1
DA:17,1
DA:20,4
DA:21,4
DA:24,2
DA:25,0
DA:26,0
DA:29,0
DA:32,0
LF:15
LH:11
BRF:0
BRH:0
end_of_record
TN:
SF:/opt/processmaker/resources/assets/js/designer/actions/index.js
FNF:0
FNH:0
LF:0
LH:0
BRF:0
BRH:0
end_of_record
TN:
SF:/opt/processmaker/resources/assets/js/designer/base/actionsCreator.js
FN:7,actionsCreator
FN:9,(anonymous_1)
FN:23,mappingValues
FN:27,(anonymous_3)
FN:40,creationObject
FN:51,(anonymous_5)
FN:55,(anonymous_6)
FNF:7
FNH:6
FNDA:2,actionsCreator
FNDA:2,(anonymous_1)
FNDA:46,mappingValues
FNDA:44,(anonymous_3)
FNDA:28,creationObject
FNDA:17,(anonymous_5)
FNDA:0,(anonymous_6)
DA:8,2
DA:9,2
DA:10,2
DA:12,2
DA:24,46
DA:25,28
DA:27,18
DA:28,44
DA:41,28
DA:42,28
DA:44,28
DA:45,92
DA:46,92
DA:47,46
DA:49,92
DA:50,92
DA:51,28
DA:55,28
DA:57,92
DA:59,28
LF:20
LH:20
BRDA:24,0,0,28
BRDA:24,0,1,18
BRDA:46,1,0,46
BRDA:46,1,1,46
BRDA:50,2,0,28
BRDA:50,2,1,64
BRF:6
BRH:6
end_of_record
TN:
SF:/opt/processmaker/resources/assets/js/designer/components/crown.vue
FN:53,(anonymous_2)
FN:54,(anonymous_3)
FNF:2
FNH:0
FNDA:0,(anonymous_2)
FNDA:0,(anonymous_3)
DA:40,1
DA:41,1
DA:44,4
DA:53,4
DA:54,4
DA:61,1
DA:62,1
DA:68,1
DA:69,1
DA:70,1
DA:76,1
DA:79,0
DA:80,0
LF:13
LH:11
BRF:0
BRH:0
end_of_record
TN:
SF:/opt/processmaker/resources/assets/js/designer/lib/event-bus.js
FNF:0
FNH:0
DA:8,1
LF:1
LH:1
BRF:0
BRH:0
end_of_record
