TN:
SF:/opt/processmaker/jest/globals.js
FN:1,(anonymous_0)
FN:5,(anonymous_1)
FNF:2
FNH:0
FNDA:0,(anonymous_0)
FNDA:0,(anonymous_1)
DA:1,4
DA:2,0
DA:5,4
DA:6,0
LF:4
LH:2
BRF:0
BRH:0
end_of_record
TN:
SF:/opt/processmaker/resources/assets/designer/actions/designer.js
FN:5,(anonymous_0)
FN:6,(anonymous_1)
FN:9,(anonymous_2)
FN:10,(anonymous_3)
FN:11,(anonymous_4)
FNF:5
FNH:5
FNDA:3,(anonymous_0)
FNDA:1,(anonymous_1)
FNDA:1,(anonymous_2)
FNDA:1,(anonymous_3)
FNDA:1,(anonymous_4)
DA:2,2
DA:5,3
DA:6,1
DA:9,1
DA:10,1
DA:11,1
LF:6
LH:6
BRF:0
BRH:0
end_of_record
TN:
SF:/opt/processmaker/resources/assets/designer/actions/index.js
FNF:0
FNH:0
LF:0
LH:0
BRF:0
BRH:0
end_of_record
TN:
SF:/opt/processmaker/resources/assets/designer/base/actionsCreator.js
FN:7,actionsCreator
FN:9,(anonymous_1)
FN:23,mappingValues
FN:27,(anonymous_3)
FN:40,creationObject
FN:51,(anonymous_5)
FN:55,(anonymous_6)
FNF:7
FNH:6
FNDA:2,actionsCreator
FNDA:2,(anonymous_1)
FNDA:16,mappingValues
FNDA:14,(anonymous_3)
FNDA:10,creationObject
FNDA:7,(anonymous_5)
FNDA:0,(anonymous_6)
DA:8,2
DA:9,2
DA:10,2
DA:12,2
DA:24,16
DA:25,10
DA:27,6
DA:28,14
DA:41,10
DA:42,10
DA:44,10
DA:45,30
DA:46,30
DA:47,16
DA:49,30
DA:50,30
DA:51,10
DA:55,10
DA:57,30
DA:59,10
LF:20
LH:20
BRDA:24,0,0,10
BRDA:24,0,1,6
BRDA:46,1,0,16
BRDA:46,1,1,14
BRDA:50,2,0,10
BRDA:50,2,1,20
BRF:6
BRH:6
end_of_record
TN:
SF:/opt/processmaker/resources/assets/designer/components/designer.vue
FN:24,(anonymous_2)
FN:30,(anonymous_3)
FNF:2
FNH:0
FNDA:0,(anonymous_2)
FNDA:0,(anonymous_3)
DA:8,1
DA:9,1
DA:10,1
DA:11,1
DA:14,2
DA:24,2
DA:28,1
DA:29,2
DA:30,1
DA:31,0
DA:35,1
DA:36,1
DA:42,1
DA:46,2
DA:47,2
DA:51,2
LF:16
LH:15
BRDA:27,0,0,0
BRDA:29,1,0,1
BRDA:29,1,1,0
BRF:3
BRH:1
end_of_record
TN:
SF:/opt/processmaker/resources/assets/designer/diagram/builder.js
FN:6,(anonymous_0)
FN:16,(anonymous_1)
FNF:2
FNH:2
FNDA:2,(anonymous_0)
FNDA:1,(anonymous_1)
DA:7,2
DA:8,2
DA:18,1
DA:24,1
DA:26,1
DA:27,1
DA:31,1
LF:7
LH:7
BRDA:21,0,0,0
BRDA:21,0,1,1
BRDA:21,1,0,1
BRDA:21,1,1,0
BRDA:21,2,0,0
BRDA:21,2,1,1
BRDA:26,3,0,1
BRDA:26,3,1,0
BRF:8
BRH:4
end_of_record
TN:
SF:/opt/processmaker/resources/assets/designer/diagram/elements.js
FNF:0
FNH:0
DA:4,2
LF:1
LH:1
BRF:0
BRH:0
end_of_record
TN:
SF:/opt/processmaker/resources/assets/designer/diagram/events/eventShape.js
FN:6,(anonymous_0)
FN:28,(anonymous_1)
FN:38,(anonymous_2)
FN:55,(anonymous_3)
FN:80,(anonymous_4)
FNF:5
FNH:5
FNDA:1,(anonymous_0)
FNDA:1,(anonymous_1)
FNDA:1,(anonymous_2)
FNDA:1,(anonymous_3)
FNDA:1,(anonymous_4)
DA:7,1
DA:8,1
DA:9,1
DA:10,1
DA:11,1
DA:12,1
DA:17,1
DA:18,1
DA:19,1
DA:20,1
DA:29,1
DA:39,1
DA:40,1
DA:41,1
DA:42,1
DA:43,1
DA:44,1
DA:45,1
DA:46,1
DA:47,1
DA:56,1
DA:57,1
DA:58,1
DA:74,1
DA:81,1
DA:85,1
DA:86,1
DA:90,1
DA:91,1
DA:94,1
DA:95,1
LF:31
LH:31
BRDA:41,0,0,1
BRDA:41,0,1,1
BRDA:43,1,0,1
BRDA:43,1,1,0
BRDA:45,2,0,1
BRDA:45,2,1,1
BRDA:46,3,0,1
BRDA:46,3,1,1
BRDA:47,4,0,1
BRDA:47,4,1,1
BRDA:83,5,0,0
BRDA:83,5,1,1
BRF:12
BRH:10
end_of_record
TN:
SF:/opt/processmaker/resources/assets/designer/diagram/events/startEvent.js
FN:4,(anonymous_0)
FNF:1
FNH:1
FNDA:1,(anonymous_0)
DA:5,1
DA:6,1
DA:7,1
DA:8,1
DA:9,1
DA:14,1
DA:15,1
LF:7
LH:7
BRDA:7,0,0,1
BRDA:7,0,1,1
BRF:2
BRH:2
end_of_record
TN:
SF:/opt/processmaker/resources/assets/designer/diagram/tasks/Task.js
FN:6,(anonymous_0)
FNF:1
FNH:1
FNDA:2,(anonymous_0)
DA:7,2
DA:8,2
LF:2
LH:2
BRF:0
BRH:0
end_of_record
TN:
SF:/opt/processmaker/resources/assets/designer/diagram/tasks/taskShape.js
FN:5,(anonymous_0)
FN:24,(anonymous_1)
FN:29,(anonymous_2)
FNF:3
FNH:3
FNDA:2,(anonymous_0)
FNDA:2,(anonymous_1)
FNDA:1,(anonymous_2)
DA:6,2
DA:7,2
DA:20,2
DA:21,2
DA:25,2
DA:26,2
DA:30,1
DA:37,1
LF:8
LH:8
BRF:0
BRH:0
end_of_record
TN:
SF:/opt/processmaker/resources/assets/js/components/FilterBar.vue
FNF:0
FNH:0
DA:15,4
DA:21,2
DA:22,1
DA:26,1
DA:27,1
LF:5
LH:5
BRDA:21,0,0,1
BRDA:21,0,1,1
BRF:2
BRH:2
end_of_record
